[11.12.2001 00:31:07] OffsetPan=0 OffsetMin=0 Result=0 Diff=0 0 0
[11.12.2001 00:31:07] OffsetPan=0 OffsetMin=-72 Result=256 Diff=-256 FFFFFF00 184
[11.12.2001 00:31:07] OffsetPan=176 OffsetMin=0 Result=176 Diff=0 0 176
[11.12.2001 00:31:07] OffsetPan=176 OffsetMin=0 Result=176 Diff=0 0 176
[11.12.2001 00:31:07] OffsetPan=-29 OffsetMin=0 Result=227 Diff=-256 FFFFFF00 227
[11.12.2001 00:31:07] OffsetPan=0 OffsetMin=-63 Result=256 Diff=-256 FFFFFF00 193
[11.12.2001 00:31:07] OffsetPan=0 OffsetMin=-8 Result=256 Diff=-256 FFFFFF00 248
[11.12.2001 00:31:07] OffsetPan=0 OffsetMin=0 Result=0 Diff=0 0 0
[11.12.2001 00:31:07] OffsetPan=0 OffsetMin=-72 Result=256 Diff=-256 FFFFFF00 184
[11.12.2001 00:31:07] OffsetPan=192 OffsetMin=0 Result=192 Diff=0 0 192
[11.12.2001 00:31:07] OffsetPan=192 OffsetMin=0 Result=192 Diff=0 0 192
[11.12.2001 00:31:07] OffsetPan=-29 OffsetMin=0 Result=227 Diff=-256 FFFFFF00 227
[11.12.2001 00:31:07] OffsetPan=0 OffsetMin=-63 Result=256 Diff=-256 FFFFFF00 193
[11.12.2001 00:31:07] OffsetPan=0 OffsetMin=-8 Result=256 Diff=-256 FFFFFF00 248
[11.12.2001 00:31:07] OffsetPan=0 OffsetMin=0 Result=0 Diff=0 0 0
[11.12.2001 00:31:07] OffsetPan=0 OffsetMin=-72 Result=256 Diff=-256 FFFFFF00 184
[11.12.2001 00:31:07] OffsetPan=208 OffsetMin=0 Result=208 Diff=0 0 208
[11.12.2001 00:31:07] OffsetPan=208 OffsetMin=0 Result=208 Diff=0 0 208
[11.12.2001 00:31:07] OffsetPan=-29 OffsetMin=0 Result=227 Diff=-256 FFFFFF00 227
[11.12.2001 00:31:07] OffsetPan=0 OffsetMin=-63 Result=256 Diff=-256 FFFFFF00 193
[11.12.2001 00:31:07] OffsetPan=0 OffsetMin=-8 Result=256 Diff=-256 FFFFFF00 248
[11.12.2001 00:31:07] OffsetPan=0 OffsetMin=0 Result=0 Diff=0 0 0
[11.12.2001 00:31:07] OffsetPan=0 OffsetMin=-71 Result=256 Diff=-256 FFFFFF00 185
[11.12.2001 00:31:07] OffsetPan=224 OffsetMin=0 Result=224 Diff=0 0 224
[11.12.2001 00:31:07] OffsetPan=224 OffsetMin=0 Result=224 Diff=0 0 224
[11.12.2001 00:31:07] OffsetPan=-29 OffsetMin=0 Result=227 Diff=-256 FFFFFF00 227
[11.12.2001 00:31:07] OffsetPan=0 OffsetMin=-63 Result=256 Diff=-256 FFFFFF00 193
[11.12.2001 00:31:07] OffsetPan=0 OffsetMin=-8 Result=256 Diff=-256 FFFFFF00 248
[11.12.2001 00:31:07] OffsetPan=0 OffsetMin=0 Result=0 Diff=0 0 0
[11.12.2001 00:31:07] OffsetPan=0 OffsetMin=-71 Result=256 Diff=-256 FFFFFF00 185
[11.12.2001 00:31:07] OffsetPan=240 OffsetMin=0 Result=240 Diff=0 0 240
[11.12.2001 00:31:07] OffsetPan=240 OffsetMin=0 Result=240 Diff=0 0 240
[11.12.2001 00:31:07] OffsetPan=-29 OffsetMin=0 Result=227 Diff=-256 FFFFFF00 227
[11.12.2001 00:31:07] OffsetPan=0 OffsetMin=-63 Result=256 Diff=-256 FFFFFF00 193
[11.12.2001 00:31:07] OffsetPan=0 OffsetMin=-8 Result=256 Diff=-256 FFFFFF00 248
[11.12.2001 00:31:07] OffsetPan=0 OffsetMin=0 Result=0 Diff=0 0 0
[11.12.2001 00:31:07] OffsetPan=0 OffsetMin=-71 Result=256 Diff=-256 FFFFFF00 185
[11.12.2001 00:31:07] OffsetPan=256 OffsetMin=0 Result=0 Diff=256 100 0
[11.12.2001 00:31:07] OffsetPan=256 OffsetMin=0 Result=0 Diff=256 100 0
[11.12.2001 00:31:07] OffsetPan=-29 OffsetMin=0 Result=227 Diff=-256 FFFFFF00 227
[11.12.2001 00:31:07] OffsetPan=0 OffsetMin=-63 Result=256 Diff=-256 FFFFFF00 193
[11.12.2001 00:31:07] OffsetPan=0 OffsetMin=-8 Result=256 Diff=-256 FFFFFF00 248
[11.12.2001 00:31:07] OffsetPan=0 OffsetMin=0 Result=0 Diff=0 0 0
[11.12.2001 00:31:07] OffsetPan=0 OffsetMin=-72 Result=256 Diff=-256 FFFFFF00 184
[11.12.2001 00:31:07] OffsetPan=272 OffsetMin=0 Result=16 Diff=256 100 16
[11.12.2001 00:31:07] OffsetPan=272 OffsetMin=0 Result=16 Diff=256 100 16
[11.12.2001 00:31:07] OffsetPan=-29 OffsetMin=0 Result=227 Diff=-256 FFFFFF00 227
[11.12.2001 00:31:07] OffsetPan=0 OffsetMin=-63 Result=256 Diff=-256 FFFFFF00 193
[11.12.2001 00:31:07] OffsetPan=0 OffsetMin=-8 Result=256 Diff=-256 FFFFFF00 248
[11.12.2001 00:31:07] OffsetPan=0 OffsetMin=0 Result=0 Diff=0 0 0
[11.12.2001 00:31:07] OffsetPan=0 OffsetMin=-72 Result=256 Diff=-256 FFFFFF00 184
[11.12.2001 00:31:07] OffsetPan=288 OffsetMin=0 Result=32 Diff=256 100 32
[11.12.2001 00:31:07] OffsetPan=288 OffsetMin=0 Result=32 Diff=256 100 32
[11.12.2001 00:31:07] OffsetPan=-29 OffsetMin=0 Result=227 Diff=-256 FFFFFF00 227
[11.12.2001 00:31:07] OffsetPan=0 OffsetMin=-63 Result=256 Diff=-256 FFFFFF00 193
[11.12.2001 00:31:07] OffsetPan=0 OffsetMin=-8 Result=256 Diff=-256 FFFFFF00 248
[11.12.2001 00:31:07] OffsetPan=0 OffsetMin=0 Result=0 Diff=0 0 0
[11.12.2001 00:31:07] OffsetPan=0 OffsetMin=-72 Result=256 Diff=-256 FFFFFF00 184
[11.12.2001 00:31:07] OffsetPan=304 OffsetMin=0 Result=48 Diff=256 100 48
[11.12.2001 00:31:07] OffsetPan=304 OffsetMin=0 Result=48 Diff=256 100 48
[11.12.2001 00:31:07] OffsetPan=-29 OffsetMin=0 Result=227 Diff=-256 FFFFFF00 227
[11.12.2001 00:31:07] OffsetPan=0 OffsetMin=-63 Result=256 Diff=-256 FFFFFF00 193
[11.12.2001 00:31:07] OffsetPan=0 OffsetMin=-8 Result=256 Diff=-256 FFFFFF00 248
[11.12.2001 00:31:07] OffsetPan=0 OffsetMin=0 Result=0 Diff=0 0 0
[11.12.2001 00:31:07] OffsetPan=0 OffsetMin=-71 Result=256 Diff=-256 FFFFFF00 185
[11.12.2001 00:31:07] OffsetPan=320 OffsetMin=0 Result=64 Diff=256 100 64
[11.12.2001 00:31:07] OffsetPan=320 OffsetMin=0 Result=64 Diff=256 100 64
[11.12.2001 00:31:07] OffsetPan=-29 OffsetMin=0 Result=227 Diff=-256 FFFFFF00 227
[11.12.2001 00:31:07] OffsetPan=0 OffsetMin=-63 Result=256 Diff=-256 FFFFFF00 193
[11.12.2001 00:31:07] OffsetPan=0 OffsetMin=-8 Result=256 Diff=-256 FFFFFF00 248
[11.12.2001 00:31:07] OffsetPan=0 OffsetMin=0 Result=0 Diff=0 0 0
[11.12.2001 00:31:07] OffsetPan=0 OffsetMin=-71 Result=256 Diff=-256 FFFFFF00 185
[11.12.2001 00:31:07] OffsetPan=336 OffsetMin=0 Result=80 Diff=256 100 80
[11.12.2001 00:31:07] OffsetPan=336 OffsetMin=0 Result=80 Diff=256 100 80
[11.12.2001 00:31:07] OffsetPan=-29 OffsetMin=0 Result=227 Diff=-256 FFFFFF00 227
[11.12.2001 00:31:07] OffsetPan=0 OffsetMin=-63 Result=256 Diff=-256 FFFFFF00 193
[11.12.2001 00:31:07] OffsetPan=0 OffsetMin=-8 Result=256 Diff=-256 FFFFFF00 248
[11.12.2001 00:31:07] OffsetPan=0 OffsetMin=0 Result=0 Diff=0 0 0
[11.12.2001 00:31:07] OffsetPan=0 OffsetMin=-71 Result=256 Diff=-256 FFFFFF00 185
[11.12.2001 00:31:07] OffsetPan=352 OffsetMin=0 Result=96 Diff=256 100 96
[11.12.2001 00:31:07] OffsetPan=352 OffsetMin=0 Result=96 Diff=256 100 96
[11.12.2001 00:31:07] OffsetPan=-29 OffsetMin=0 Result=227 Diff=-256 FFFFFF00 227
[11.12.2001 00:31:07] OffsetPan=0 OffsetMin=-63 Result=256 Diff=-256 FFFFFF00 193
[11.12.2001 00:31:07] OffsetPan=0 OffsetMin=-8 Result=256 Diff=-256 FFFFFF00 248
[11.12.2001 00:31:07] OffsetPan=0 OffsetMin=0 Result=0 Diff=0 0 0
[11.12.2001 00:31:07] OffsetPan=0 OffsetMin=-72 Result=256 Diff=-256 FFFFFF00 184
[11.12.2001 00:31:07] OffsetPan=368 OffsetMin=0 Result=112 Diff=256 100 112
[11.12.2001 00:31:07] OffsetPan=368 OffsetMin=0 Result=112 Diff=256 100 112
[11.12.2001 00:31:07] OffsetPan=-29 OffsetMin=0 Result=227 Diff=-256 FFFFFF00 227
[11.12.2001 00:31:07] OffsetPan=0 OffsetMin=-63 Result=256 Diff=-256 FFFFFF00 193
[11.12.2001 00:31:07] OffsetPan=0 OffsetMin=-8 Result=256 Diff=-256 FFFFFF00 248
[11.12.2001 00:31:07] OffsetPan=0 OffsetMin=0 Result=0 Diff=0 0 0
[11.12.2001 00:31:07] OffsetPan=0 OffsetMin=-72 Result=256 Diff=-256 FFFFFF00 184
[11.12.2001 00:31:07] OffsetPan=0 OffsetMin=0 Result=0 Diff=0 0 0
[11.12.2001 00:31:07] OffsetPan=0 OffsetMin=0 Result=0 Diff=0 0 0
[11.12.2001 00:31:07] OffsetPan=-29 OffsetMin=0 Result=227 Diff=-256 FFFFFF00 227
[11.12.2001 00:31:07] OffsetPan=0 OffsetMin=-63 Result=256 Diff=-256 FFFFFF00 193
[11.12.2001 00:31:07] OffsetPan=0 OffsetMin=-8 Result=256 Diff=-256 FFFFFF00 248
[11.12.2001 00:31:07] OffsetPan=0 OffsetMin=0 Result=0 Diff=0 0 0
[11.12.2001 00:31:07] OffsetPan=0 OffsetMin=-72 Result=256 Diff=-256 FFFFFF00 184
[11.12.2001 00:31:07] OffsetPan=16 OffsetMin=0 Result=16 Diff=0 0 16
[11.12.2001 00:31:07] OffsetPan=16 OffsetMin=0 Result=16 Diff=0 0 16
[11.12.2001 00:31:07] OffsetPan=-29 OffsetMin=0 Result=227 Diff=-256 FFFFFF00 227
[11.12.2001 00:31:07] OffsetPan=0 OffsetMin=-63 Result=256 Diff=-256 FFFFFF00 193
[11.12.2001 00:31:07] OffsetPan=0 OffsetMin=-8 Result=256 Diff=-256 FFFFFF00 248
[11.12.2001 00:31:07] OffsetPan=0 OffsetMin=0 Result=0 Diff=0 0 0
[11.12.2001 00:31:07] OffsetPan=0 OffsetMin=-71 Result=256 Diff=-256 FFFFFF00 185
[11.12.2001 00:31:07] OffsetPan=32 OffsetMin=0 Result=32 Diff=0 0 32
[11.12.2001 00:31:07] OffsetPan=32 OffsetMin=0 Result=32 Diff=0 0 32
[11.12.2001 00:31:07] OffsetPan=-29 OffsetMin=0 Result=227 Diff=-256 FFFFFF00 227
[11.12.2001 00:31:07] OffsetPan=0 OffsetMin=-63 Result=256 Diff=-256 FFFFFF00 193
[11.12.2001 00:31:07] OffsetPan=0 OffsetMin=-8 Result=256 Diff=-256 FFFFFF00 248
[11.12.2001 00:31:07] OffsetPan=0 OffsetMin=0 Result=0 Diff=0 0 0
[11.12.2001 00:31:07] OffsetPan=0 OffsetMin=-71 Result=256 Diff=-256 FFFFFF00 185
[11.12.2001 00:31:07] OffsetPan=48 OffsetMin=0 Result=48 Diff=0 0 48
[11.12.2001 00:31:07] OffsetPan=48 OffsetMin=0 Result=48 Diff=0 0 48
[11.12.2001 00:31:07] OffsetPan=-29 OffsetMin=0 Result=227 Diff=-256 FFFFFF00 227
[11.12.2001 00:31:07] OffsetPan=0 OffsetMin=-63 Result=256 Diff=-256 FFFFFF00 193
[11.12.2001 00:31:07] OffsetPan=0 OffsetMin=-8 Result=256 Diff=-256 FFFFFF00 248
[11.12.2001 00:31:07] OffsetPan=0 OffsetMin=0 Result=0 Diff=0 0 0
[11.12.2001 00:31:07] OffsetPan=0 OffsetMin=-71 Result=256 Diff=-256 FFFFFF00 185
[11.12.2001 00:31:07] OffsetPan=64 OffsetMin=0 Result=64 Diff=0 0 64
[11.12.2001 00:31:07] OffsetPan=64 OffsetMin=0 Result=64 Diff=0 0 64
[11.12.2001 00:31:07] OffsetPan=-29 OffsetMin=0 Result=227 Diff=-256 FFFFFF00 227
[11.12.2001 00:31:07] OffsetPan=0 OffsetMin=-63 Result=256 Diff=-256 FFFFFF00 193
[11.12.2001 00:31:07] OffsetPan=0 OffsetMin=-8 Result=256 Diff=-256 FFFFFF00 248
[11.12.2001 00:31:07] OffsetPan=0 OffsetMin=0 Result=0 Diff=0 0 0
[11.12.2001 00:31:07] OffsetPan=0 OffsetMin=-72 Result=256 Diff=-256 FFFFFF00 184
[11.12.2001 00:31:07] OffsetPan=80 OffsetMin=0 Result=80 Diff=0 0 80
[11.12.2001 00:31:07] OffsetPan=80 OffsetMin=0 Result=80 Diff=0 0 80
[11.12.2001 00:31:07] OffsetPan=-29 OffsetMin=0 Result=227 Diff=-256 FFFFFF00 227
[11.12.2001 00:31:07] OffsetPan=0 OffsetMin=-63 Result=256 Diff=-256 FFFFFF00 193
[11.12.2001 00:31:07] OffsetPan=0 OffsetMin=-8 Result=256 Diff=-256 FFFFFF00 248
[11.12.2001 00:31:07] OffsetPan=0 OffsetMin=0 Result=0 Diff=0 0 0
[11.12.2001 00:31:07] OffsetPan=0 OffsetMin=-72 Result=256 Diff=-256 FFFFFF00 184
[11.12.2001 00:31:07] OffsetPan=96 OffsetMin=0 Result=96 Diff=0 0 96
[11.12.2001 00:31:07] OffsetPan=96 OffsetMin=0 Result=96 Diff=0 0 96
[11.12.2001 00:31:07] OffsetPan=-29 OffsetMin=0 Result=227 Diff=-256 FFFFFF00 227
[11.12.2001 00:31:07] OffsetPan=0 OffsetMin=-63 Result=256 Diff=-256 FFFFFF00 193
[11.12.2001 00:31:07] OffsetPan=0 OffsetMin=-8 Result=256 Diff=-256 FFFFFF00 248
[11.12.2001 00:31:07] OffsetPan=0 OffsetMin=0 Result=0 Diff=0 0 0
[11.12.2001 00:31:07] OffsetPan=0 OffsetMin=-72 Result=256 Diff=-256 FFFFFF00 184
[11.12.2001 00:31:07] OffsetPan=112 OffsetMin=0 Result=112 Diff=0 0 112
[11.12.2001 00:31:07] OffsetPan=112 OffsetMin=0 Result=112 Diff=0 0 112
[11.12.2001 00:31:07] OffsetPan=-29 OffsetMin=0 Result=227 Diff=-256 FFFFFF00 227
[11.12.2001 00:31:07] OffsetPan=0 OffsetMin=-63 Result=256 Diff=-256 FFFFFF00 193
[11.12.2001 00:31:07] OffsetPan=0 OffsetMin=-8 Result=256 Diff=-256 FFFFFF00 248
[11.12.2001 00:31:07] OffsetPan=0 OffsetMin=0 Result=0 Diff=0 0 0
[11.12.2001 00:31:07] OffsetPan=0 OffsetMin=-71 Result=256 Diff=-256 FFFFFF00 185
[11.12.2001 00:31:07] OffsetPan=128 OffsetMin=0 Result=128 Diff=0 0 128
[11.12.2001 00:31:07] OffsetPan=128 OffsetMin=0 Result=128 Diff=0 0 128
[11.12.2001 00:31:07] OffsetPan=-29 OffsetMin=0 Result=227 Diff=-256 FFFFFF00 227
[11.12.2001 00:31:07] OffsetPan=0 OffsetMin=-63 Result=256 Diff=-256 FFFFFF00 193
[11.12.2001 00:31:07] OffsetPan=0 OffsetMin=-8 Result=256 Diff=-256 FFFFFF00 248
[11.12.2001 00:31:07] OffsetPan=0 OffsetMin=0 Result=0 Diff=0 0 0
[11.12.2001 00:31:07] OffsetPan=0 OffsetMin=-71 Result=256 Diff=-256 FFFFFF00 185
[11.12.2001 00:31:07] OffsetPan=144 OffsetMin=0 Result=144 Diff=0 0 144
[11.12.2001 00:31:07] OffsetPan=144 OffsetMin=0 Result=144 Diff=0 0 144
[11.12.2001 00:31:07] OffsetPan=-29 OffsetMin=0 Result=227 Diff=-256 FFFFFF00 227
[11.12.2001 00:31:07] OffsetPan=0 OffsetMin=-63 Result=256 Diff=-256 FFFFFF00 193
[11.12.2001 00:31:07] OffsetPan=0 OffsetMin=-8 Result=256 Diff=-256 FFFFFF00 248
[11.12.2001 00:31:07] OffsetPan=0 OffsetMin=0 Result=0 Diff=0 0 0
[11.12.2001 00:31:07] OffsetPan=0 OffsetMin=-71 Result=256 Diff=-256 FFFFFF00 185
[11.12.2001 00:31:07] OffsetPan=160 OffsetMin=0 Result=160 Diff=0 0 160
[11.12.2001 00:31:07] OffsetPan=160 OffsetMin=0 Result=160 Diff=0 0 160
[11.12.2001 00:31:07] OffsetPan=-29 OffsetMin=0 Result=227 Diff=-256 FFFFFF00 227
[11.12.2001 00:31:07] OffsetPan=0 OffsetMin=-63 Result=256 Diff=-256 FFFFFF00 193
[11.12.2001 00:31:07] OffsetPan=0 OffsetMin=-8 Result=256 Diff=-256 FFFFFF00 248
[11.12.2001 00:31:19] OffsetPan=0 OffsetMin=0 Result=0 Diff=0 0 0
[11.12.2001 00:31:19] OffsetPan=0 OffsetMin=-72 Result=256 Diff=-256 FFFFFF00 184
[11.12.2001 00:31:19] OffsetPan=352 OffsetMin=0 Result=96 Diff=256 100 96
[11.12.2001 00:31:19] OffsetPan=352 OffsetMin=0 Result=96 Diff=256 100 96
[11.12.2001 00:31:19] OffsetPan=-29 OffsetMin=0 Result=227 Diff=-256 FFFFFF00 227
[11.12.2001 00:31:19] OffsetPan=0 OffsetMin=-126 Result=256 Diff=-256 FFFFFF00 130
[11.12.2001 00:31:19] OffsetPan=0 OffsetMin=-8 Result=256 Diff=-256 FFFFFF00 248
[11.12.2001 00:31:19] OffsetPan=0 OffsetMin=0 Result=0 Diff=0 0 0
[11.12.2001 00:31:19] OffsetPan=0 OffsetMin=-72 Result=256 Diff=-256 FFFFFF00 184
[11.12.2001 00:31:19] OffsetPan=384 OffsetMin=0 Result=128 Diff=256 100 128
[11.12.2001 00:31:19] OffsetPan=384 OffsetMin=0 Result=128 Diff=256 100 128
[11.12.2001 00:31:19] OffsetPan=-29 OffsetMin=0 Result=227 Diff=-256 FFFFFF00 227
[11.12.2001 00:31:19] OffsetPan=0 OffsetMin=-126 Result=256 Diff=-256 FFFFFF00 130
[11.12.2001 00:31:19] OffsetPan=0 OffsetMin=-8 Result=256 Diff=-256 FFFFFF00 248
[11.12.2001 00:31:19] OffsetPan=0 OffsetMin=0 Result=0 Diff=0 0 0
[11.12.2001 00:31:19] OffsetPan=0 OffsetMin=-72 Result=256 Diff=-256 FFFFFF00 184
[11.12.2001 00:31:19] OffsetPan=416 OffsetMin=0 Result=160 Diff=256 100 160
[11.12.2001 00:31:19] OffsetPan=416 OffsetMin=0 Result=160 Diff=256 100 160
[11.12.2001 00:31:19] OffsetPan=-29 OffsetMin=0 Result=227 Diff=-256 FFFFFF00 227
[11.12.2001 00:31:19] OffsetPan=0 OffsetMin=-126 Result=256 Diff=-256 FFFFFF00 130
[11.12.2001 00:31:19] OffsetPan=0 OffsetMin=-8 Result=256 Diff=-256 FFFFFF00 248
[11.12.2001 00:31:19] OffsetPan=0 OffsetMin=0 Result=0 Diff=0 0 0
[11.12.2001 00:31:19] OffsetPan=0 OffsetMin=-71 Result=256 Diff=-256 FFFFFF00 185
[11.12.2001 00:31:19] OffsetPan=448 OffsetMin=0 Result=192 Diff=256 100 192
[11.12.2001 00:31:19] OffsetPan=448 OffsetMin=0 Result=192 Diff=256 100 192
[11.12.2001 00:31:19] OffsetPan=-29 OffsetMin=0 Result=227 Diff=-256 FFFFFF00 227
[11.12.2001 00:31:19] OffsetPan=0 OffsetMin=-126 Result=256 Diff=-256 FFFFFF00 130
[11.12.2001 00:31:19] OffsetPan=0 OffsetMin=-8 Result=256 Diff=-256 FFFFFF00 248
[11.12.2001 00:31:19] OffsetPan=0 OffsetMin=0 Result=0 Diff=0 0 0
[11.12.2001 00:31:19] OffsetPan=0 OffsetMin=-71 Result=256 Diff=-256 FFFFFF00 185
[11.12.2001 00:31:19] OffsetPan=480 OffsetMin=0 Result=224 Diff=256 100 224
[11.12.2001 00:31:19] OffsetPan=480 OffsetMin=0 Result=224 Diff=256 100 224
[11.12.2001 00:31:19] OffsetPan=-29 OffsetMin=0 Result=227 Diff=-256 FFFFFF00 227
[11.12.2001 00:31:19] OffsetPan=0 OffsetMin=-126 Result=256 Diff=-256 FFFFFF00 130
[11.12.2001 00:31:19] OffsetPan=0 OffsetMin=-8 Result=256 Diff=-256 FFFFFF00 248
[11.12.2001 00:31:19] OffsetPan=0 OffsetMin=0 Result=0 Diff=0 0 0
[11.12.2001 00:31:19] OffsetPan=0 OffsetMin=-71 Result=256 Diff=-256 FFFFFF00 185
[11.12.2001 00:31:19] OffsetPan=512 OffsetMin=0 Result=0 Diff=512 200 0
[11.12.2001 00:31:19] OffsetPan=512 OffsetMin=0 Result=0 Diff=512 200 0
[11.12.2001 00:31:19] OffsetPan=-29 OffsetMin=0 Result=227 Diff=-256 FFFFFF00 227
[11.12.2001 00:31:19] OffsetPan=0 OffsetMin=-126 Result=256 Diff=-256 FFFFFF00 130
[11.12.2001 00:31:19] OffsetPan=0 OffsetMin=-8 Result=256 Diff=-256 FFFFFF00 248
[11.12.2001 00:31:19] OffsetPan=0 OffsetMin=0 Result=0 Diff=0 0 0
[11.12.2001 00:31:19] OffsetPan=0 OffsetMin=-72 Result=256 Diff=-256 FFFFFF00 184
[11.12.2001 00:31:19] OffsetPan=544 OffsetMin=0 Result=32 Diff=512 200 32
[11.12.2001 00:31:19] OffsetPan=544 OffsetMin=0 Result=32 Diff=512 200 32
[11.12.2001 00:31:19] OffsetPan=-29 OffsetMin=0 Result=227 Diff=-256 FFFFFF00 227
[11.12.2001 00:31:19] OffsetPan=0 OffsetMin=-126 Result=256 Diff=-256 FFFFFF00 130
[11.12.2001 00:31:19] OffsetPan=0 OffsetMin=-8 Result=256 Diff=-256 FFFFFF00 248
[11.12.2001 00:31:19] OffsetPan=0 OffsetMin=0 Result=0 Diff=0 0 0
[11.12.2001 00:31:19] OffsetPan=0 OffsetMin=-72 Result=256 Diff=-256 FFFFFF00 184
[11.12.2001 00:31:19] OffsetPan=576 OffsetMin=0 Result=64 Diff=512 200 64
[11.12.2001 00:31:19] OffsetPan=576 OffsetMin=0 Result=64 Diff=512 200 64
[11.12.2001 00:31:19] OffsetPan=-29 OffsetMin=0 Result=227 Diff=-256 FFFFFF00 227
[11.12.2001 00:31:19] OffsetPan=0 OffsetMin=-126 Result=256 Diff=-256 FFFFFF00 130
[11.12.2001 00:31:19] OffsetPan=0 OffsetMin=-8 Result=256 Diff=-256 FFFFFF00 248
[11.12.2001 00:31:19] OffsetPan=0 OffsetMin=0 Result=0 Diff=0 0 0
[11.12.2001 00:31:19] OffsetPan=0 OffsetMin=-72 Result=256 Diff=-256 FFFFFF00 184
[11.12.2001 00:31:19] OffsetPan=608 OffsetMin=0 Result=96 Diff=512 200 96
[11.12.2001 00:31:19] OffsetPan=608 OffsetMin=0 Result=96 Diff=512 200 96
[11.12.2001 00:31:19] OffsetPan=-29 OffsetMin=0 Result=227 Diff=-256 FFFFFF00 227
[11.12.2001 00:31:19] OffsetPan=0 OffsetMin=-126 Result=256 Diff=-256 FFFFFF00 130
[11.12.2001 00:31:19] OffsetPan=0 OffsetMin=-8 Result=256 Diff=-256 FFFFFF00 248
[11.12.2001 00:31:19] OffsetPan=0 OffsetMin=0 Result=0 Diff=0 0 0
[11.12.2001 00:31:19] OffsetPan=0 OffsetMin=-71 Result=256 Diff=-256 FFFFFF00 185
[11.12.2001 00:31:19] OffsetPan=640 OffsetMin=0 Result=128 Diff=512 200 128
[11.12.2001 00:31:19] OffsetPan=640 OffsetMin=0 Result=128 Diff=512 200 128
[11.12.2001 00:31:19] OffsetPan=-29 OffsetMin=0 Result=227 Diff=-256 FFFFFF00 227
[11.12.2001 00:31:19] OffsetPan=0 OffsetMin=-126 Result=256 Diff=-256 FFFFFF00 130
[11.12.2001 00:31:19] OffsetPan=0 OffsetMin=-8 Result=256 Diff=-256 FFFFFF00 248
[11.12.2001 00:31:19] OffsetPan=0 OffsetMin=0 Result=0 Diff=0 0 0
[11.12.2001 00:31:19] OffsetPan=0 OffsetMin=-71 Result=256 Diff=-256 FFFFFF00 185
[11.12.2001 00:31:19] OffsetPan=672 OffsetMin=0 Result=160 Diff=512 200 160
[11.12.2001 00:31:19] OffsetPan=672 OffsetMin=0 Result=160 Diff=512 200 160
[11.12.2001 00:31:19] OffsetPan=-29 OffsetMin=0 Result=227 Diff=-256 FFFFFF00 227
[11.12.2001 00:31:19] OffsetPan=0 OffsetMin=-126 Result=256 Diff=-256 FFFFFF00 130
[11.12.2001 00:31:19] OffsetPan=0 OffsetMin=-8 Result=256 Diff=-256 FFFFFF00 248
[11.12.2001 00:31:19] OffsetPan=0 OffsetMin=0 Result=0 Diff=0 0 0
[11.12.2001 00:31:19] OffsetPan=0 OffsetMin=-71 Result=256 Diff=-256 FFFFFF00 185
[11.12.2001 00:31:19] OffsetPan=704 OffsetMin=0 Result=192 Diff=512 200 192
[11.12.2001 00:31:19] OffsetPan=704 OffsetMin=0 Result=192 Diff=512 200 192
[11.12.2001 00:31:19] OffsetPan=-29 OffsetMin=0 Result=227 Diff=-256 FFFFFF00 227
[11.12.2001 00:31:19] OffsetPan=0 OffsetMin=-126 Result=256 Diff=-256 FFFFFF00 130
[11.12.2001 00:31:19] OffsetPan=0 OffsetMin=-8 Result=256 Diff=-256 FFFFFF00 248
[11.12.2001 00:31:19] OffsetPan=0 OffsetMin=0 Result=0 Diff=0 0 0
[11.12.2001 00:31:19] OffsetPan=0 OffsetMin=-72 Result=256 Diff=-256 FFFFFF00 184
[11.12.2001 00:31:19] OffsetPan=736 OffsetMin=0 Result=224 Diff=512 200 224
[11.12.2001 00:31:19] OffsetPan=736 OffsetMin=0 Result=224 Diff=512 200 224
[11.12.2001 00:31:19] OffsetPan=-29 OffsetMin=0 Result=227 Diff=-256 FFFFFF00 227
[11.12.2001 00:31:19] OffsetPan=0 OffsetMin=-126 Result=256 Diff=-256 FFFFFF00 130
[11.12.2001 00:31:19] OffsetPan=0 OffsetMin=-8 Result=256 Diff=-256 FFFFFF00 248
[11.12.2001 00:31:19] OffsetPan=0 OffsetMin=0 Result=0 Diff=0 0 0
[11.12.2001 00:31:19] OffsetPan=0 OffsetMin=-72 Result=256 Diff=-256 FFFFFF00 184
[11.12.2001 00:31:19] OffsetPan=0 OffsetMin=0 Result=0 Diff=0 0 0
[11.12.2001 00:31:19] OffsetPan=0 OffsetMin=0 Result=0 Diff=0 0 0
[11.12.2001 00:31:19] OffsetPan=-29 OffsetMin=0 Result=227 Diff=-256 FFFFFF00 227
[11.12.2001 00:31:19] OffsetPan=0 OffsetMin=-126 Result=256 Diff=-256 FFFFFF00 130
[11.12.2001 00:31:19] OffsetPan=0 OffsetMin=-8 Result=256 Diff=-256 FFFFFF00 248
[11.12.2001 00:31:19] OffsetPan=0 OffsetMin=0 Result=0 Diff=0 0 0
[11.12.2001 00:31:19] OffsetPan=0 OffsetMin=-72 Result=256 Diff=-256 FFFFFF00 184
[11.12.2001 00:31:19] OffsetPan=32 OffsetMin=0 Result=32 Diff=0 0 32
[11.12.2001 00:31:19] OffsetPan=32 OffsetMin=0 Result=32 Diff=0 0 32
[11.12.2001 00:31:19] OffsetPan=-29 OffsetMin=0 Result=227 Diff=-256 FFFFFF00 227
[11.12.2001 00:31:19] OffsetPan=0 OffsetMin=-126 Result=256 Diff=-256 FFFFFF00 130
[11.12.2001 00:31:19] OffsetPan=0 OffsetMin=-8 Result=256 Diff=-256 FFFFFF00 248
[11.12.2001 00:31:19] OffsetPan=0 OffsetMin=0 Result=0 Diff=0 0 0
[11.12.2001 00:31:19] OffsetPan=0 OffsetMin=-71 Result=256 Diff=-256 FFFFFF00 185
[11.12.2001 00:31:19] OffsetPan=64 OffsetMin=0 Result=64 Diff=0 0 64
[11.12.2001 00:31:19] OffsetPan=64 OffsetMin=0 Result=64 Diff=0 0 64
[11.12.2001 00:31:19] OffsetPan=-29 OffsetMin=0 Result=227 Diff=-256 FFFFFF00 227
[11.12.2001 00:31:19] OffsetPan=0 OffsetMin=-126 Result=256 Diff=-256 FFFFFF00 130
[11.12.2001 00:31:19] OffsetPan=0 OffsetMin=-8 Result=256 Diff=-256 FFFFFF00 248
[11.12.2001 00:31:19] OffsetPan=0 OffsetMin=0 Result=0 Diff=0 0 0
[11.12.2001 00:31:19] OffsetPan=0 OffsetMin=-71 Result=256 Diff=-256 FFFFFF00 185
[11.12.2001 00:31:19] OffsetPan=96 OffsetMin=0 Result=96 Diff=0 0 96
[11.12.2001 00:31:19] OffsetPan=96 OffsetMin=0 Result=96 Diff=0 0 96
[11.12.2001 00:31:19] OffsetPan=-29 OffsetMin=0 Result=227 Diff=-256 FFFFFF00 227
[11.12.2001 00:31:19] OffsetPan=0 OffsetMin=-126 Result=256 Diff=-256 FFFFFF00 130
[11.12.2001 00:31:19] OffsetPan=0 OffsetMin=-8 Result=256 Diff=-256 FFFFFF00 248
[11.12.2001 00:31:19] OffsetPan=0 OffsetMin=0 Result=0 Diff=0 0 0
[11.12.2001 00:31:19] OffsetPan=0 OffsetMin=-71 Result=256 Diff=-256 FFFFFF00 185
[11.12.2001 00:31:19] OffsetPan=128 OffsetMin=0 Result=128 Diff=0 0 128
[11.12.2001 00:31:19] OffsetPan=128 OffsetMin=0 Result=128 Diff=0 0 128
[11.12.2001 00:31:19] OffsetPan=-29 OffsetMin=0 Result=227 Diff=-256 FFFFFF00 227
[11.12.2001 00:31:19] OffsetPan=0 OffsetMin=-126 Result=256 Diff=-256 FFFFFF00 130
[11.12.2001 00:31:19] OffsetPan=0 OffsetMin=-8 Result=256 Diff=-256 FFFFFF00 248
[11.12.2001 00:31:19] OffsetPan=0 OffsetMin=0 Result=0 Diff=0 0 0
[11.12.2001 00:31:19] OffsetPan=0 OffsetMin=-72 Result=256 Diff=-256 FFFFFF00 184
[11.12.2001 00:31:19] OffsetPan=160 OffsetMin=0 Result=160 Diff=0 0 160
[11.12.2001 00:31:19] OffsetPan=160 OffsetMin=0 Result=160 Diff=0 0 160
[11.12.2001 00:31:19] OffsetPan=-29 OffsetMin=0 Result=227 Diff=-256 FFFFFF00 227
[11.12.2001 00:31:19] OffsetPan=0 OffsetMin=-126 Result=256 Diff=-256 FFFFFF00 130
[11.12.2001 00:31:19] OffsetPan=0 OffsetMin=-8 Result=256 Diff=-256 FFFFFF00 248
[11.12.2001 00:31:19] OffsetPan=0 OffsetMin=0 Result=0 Diff=0 0 0
[11.12.2001 00:31:19] OffsetPan=0 OffsetMin=-72 Result=256 Diff=-256 FFFFFF00 184
[11.12.2001 00:31:19] OffsetPan=192 OffsetMin=0 Result=192 Diff=0 0 192
[11.12.2001 00:31:19] OffsetPan=192 OffsetMin=0 Result=192 Diff=0 0 192
[11.12.2001 00:31:19] OffsetPan=-29 OffsetMin=0 Result=227 Diff=-256 FFFFFF00 227
[11.12.2001 00:31:19] OffsetPan=0 OffsetMin=-126 Result=256 Diff=-256 FFFFFF00 130
[11.12.2001 00:31:19] OffsetPan=0 OffsetMin=-8 Result=256 Diff=-256 FFFFFF00 248
[11.12.2001 00:31:19] OffsetPan=0 OffsetMin=0 Result=0 Diff=0 0 0
[11.12.2001 00:31:19] OffsetPan=0 OffsetMin=-72 Result=256 Diff=-256 FFFFFF00 184
[11.12.2001 00:31:19] OffsetPan=224 OffsetMin=0 Result=224 Diff=0 0 224
[11.12.2001 00:31:19] OffsetPan=224 OffsetMin=0 Result=224 Diff=0 0 224
[11.12.2001 00:31:19] OffsetPan=-29 OffsetMin=0 Result=227 Diff=-256 FFFFFF00 227
[11.12.2001 00:31:19] OffsetPan=0 OffsetMin=-126 Result=256 Diff=-256 FFFFFF00 130
[11.12.2001 00:31:19] OffsetPan=0 OffsetMin=-8 Result=256 Diff=-256 FFFFFF00 248
[11.12.2001 00:31:19] OffsetPan=0 OffsetMin=0 Result=0 Diff=0 0 0
[11.12.2001 00:31:19] OffsetPan=0 OffsetMin=-71 Result=256 Diff=-256 FFFFFF00 185
[11.12.2001 00:31:19] OffsetPan=256 OffsetMin=0 Result=0 Diff=256 100 0
[11.12.2001 00:31:19] OffsetPan=256 OffsetMin=0 Result=0 Diff=256 100 0
[11.12.2001 00:31:19] OffsetPan=-29 OffsetMin=0 Result=227 Diff=-256 FFFFFF00 227
[11.12.2001 00:31:19] OffsetPan=0 OffsetMin=-126 Result=256 Diff=-256 FFFFFF00 130
[11.12.2001 00:31:19] OffsetPan=0 OffsetMin=-8 Result=256 Diff=-256 FFFFFF00 248
[11.12.2001 00:31:19] OffsetPan=0 OffsetMin=0 Result=0 Diff=0 0 0
[11.12.2001 00:31:19] OffsetPan=0 OffsetMin=-71 Result=256 Diff=-256 FFFFFF00 185
[11.12.2001 00:31:19] OffsetPan=288 OffsetMin=0 Result=32 Diff=256 100 32
[11.12.2001 00:31:19] OffsetPan=288 OffsetMin=0 Result=32 Diff=256 100 32
[11.12.2001 00:31:19] OffsetPan=-29 OffsetMin=0 Result=227 Diff=-256 FFFFFF00 227
[11.12.2001 00:31:19] OffsetPan=0 OffsetMin=-126 Result=256 Diff=-256 FFFFFF00 130
[11.12.2001 00:31:19] OffsetPan=0 OffsetMin=-8 Result=256 Diff=-256 FFFFFF00 248
[11.12.2001 00:31:19] OffsetPan=0 OffsetMin=0 Result=0 Diff=0 0 0
[11.12.2001 00:31:19] OffsetPan=0 OffsetMin=-71 Result=256 Diff=-256 FFFFFF00 185
[11.12.2001 00:31:19] OffsetPan=320 OffsetMin=0 Result=64 Diff=256 100 64
[11.12.2001 00:31:19] OffsetPan=320 OffsetMin=0 Result=64 Diff=256 100 64
[11.12.2001 00:31:19] OffsetPan=-29 OffsetMin=0 Result=227 Diff=-256 FFFFFF00 227
[11.12.2001 00:31:19] OffsetPan=0 OffsetMin=-126 Result=256 Diff=-256 FFFFFF00 130
[11.12.2001 00:31:19] OffsetPan=0 OffsetMin=-8 Result=256 Diff=-256 FFFFFF00 248
[11.12.2001 00:31:27] OffsetPan=0 OffsetMin=-3 Result=256 Diff=-256 FFFFFF00 253
[11.12.2001 00:31:27] OffsetPan=0 OffsetMin=-74 Result=256 Diff=-256 FFFFFF00 182
[11.12.2001 00:31:27] OffsetPan=0 OffsetMin=-156 Result=256 Diff=-256 FFFFFF00 100
[11.12.2001 00:31:27] OffsetPan=0 OffsetMin=4460 Result=-4352 Diff=4352 1100 108
[11.12.2001 00:31:27] OffsetPan=0 OffsetMin=-4 Result=256 Diff=-256 FFFFFF00 252
[11.12.2001 00:31:27] OffsetPan=0 OffsetMin=-74 Result=256 Diff=-256 FFFFFF00 182
[11.12.2001 00:31:27] OffsetPan=0 OffsetMin=-4 Result=256 Diff=-256 FFFFFF00 252
[11.12.2001 00:31:27] OffsetPan=0 OffsetMin=-74 Result=256 Diff=-256 FFFFFF00 182
[11.12.2001 00:31:27] OffsetPan=0 OffsetMin=-4 Result=256 Diff=-256 FFFFFF00 252
[11.12.2001 00:31:27] OffsetPan=0 OffsetMin=-74 Result=256 Diff=-256 FFFFFF00 182
[11.12.2001 00:31:27] OffsetPan=0 OffsetMin=-3 Result=256 Diff=-256 FFFFFF00 253
[11.12.2001 00:31:27] OffsetPan=0 OffsetMin=-74 Result=256 Diff=-256 FFFFFF00 182
[11.12.2001 00:31:27] OffsetPan=0 OffsetMin=-3 Result=256 Diff=-256 FFFFFF00 253
[11.12.2001 00:31:27] OffsetPan=0 OffsetMin=-74 Result=256 Diff=-256 FFFFFF00 182
[11.12.2001 00:31:27] OffsetPan=0 OffsetMin=-3 Result=256 Diff=-256 FFFFFF00 253
[11.12.2001 00:31:27] OffsetPan=0 OffsetMin=-74 Result=256 Diff=-256 FFFFFF00 182
[11.12.2001 00:31:27] OffsetPan=0 OffsetMin=-3 Result=256 Diff=-256 FFFFFF00 253
[11.12.2001 00:31:27] OffsetPan=0 OffsetMin=-74 Result=256 Diff=-256 FFFFFF00 182
[11.12.2001 00:31:27] OffsetPan=0 OffsetMin=-4 Result=256 Diff=-256 FFFFFF00 252
[11.12.2001 00:31:27] OffsetPan=0 OffsetMin=-74 Result=256 Diff=-256 FFFFFF00 182
[11.12.2001 00:31:27] OffsetPan=0 OffsetMin=-191 Result=256 Diff=-256 FFFFFF00 65
[11.12.2001 00:31:27] OffsetPan=0 OffsetMin=4456 Result=-4352 Diff=4352 1100 104
[11.12.2001 00:31:27] OffsetPan=0 OffsetMin=-48 Result=256 Diff=-256 FFFFFF00 208
[11.12.2001 00:31:27] OffsetPan=0 OffsetMin=-85 Result=256 Diff=-256 FFFFFF00 171
[11.12.2001 00:31:27] OffsetPan=0 OffsetMin=-43 Result=256 Diff=-256 FFFFFF00 213
[11.12.2001 00:31:27] OffsetPan=0 OffsetMin=-85 Result=256 Diff=-256 FFFFFF00 171
[11.12.2001 00:31:27] OffsetPan=0 OffsetMin=-43 Result=256 Diff=-256 FFFFFF00 213
[11.12.2001 00:31:27] OffsetPan=0 OffsetMin=-85 Result=256 Diff=-256 FFFFFF00 171
[11.12.2001 00:31:27] OffsetPan=0 OffsetMin=-191 Result=256 Diff=-256 FFFFFF00 65
[11.12.2001 00:31:27] OffsetPan=0 OffsetMin=4456 Result=-4352 Diff=4352 1100 104
[11.12.2001 00:31:27] OffsetPan=0 OffsetMin=-4 Result=256 Diff=-256 FFFFFF00 252
[11.12.2001 00:31:27] OffsetPan=0 OffsetMin=-133 Result=256 Diff=-256 FFFFFF00 123
[11.12.2001 00:31:27] OffsetPan=0 OffsetMin=-195 Result=256 Diff=-256 FFFFFF00 61
[11.12.2001 00:31:27] OffsetPan=0 OffsetMin=4460 Result=-4352 Diff=4352 1100 108
[11.12.2001 00:31:27] OffsetPan=0 OffsetMin=-200 Result=256 Diff=-256 FFFFFF00 56
[11.12.2001 00:31:27] OffsetPan=0 OffsetMin=4456 Result=-4352 Diff=4352 1100 104
[11.12.2001 00:31:27] OffsetPan=0 OffsetMin=-4504 Result=4608 Diff=-4608 FFFFEE00 104
[11.12.2001 00:31:27] OffsetPan=0 OffsetMin=-134 Result=256 Diff=-256 FFFFFF00 122
[11.12.2001 00:31:27] OffsetPan=0 OffsetMin=4456 Result=-4352 Diff=4352 1100 104
[11.12.2001 00:31:27] OffsetPan=0 OffsetMin=-134 Result=256 Diff=-256 FFFFFF00 122
[11.12.2001 00:31:27] OffsetPan=0 OffsetMin=0 Result=0 Diff=0 0 0
[11.12.2001 00:31:27] OffsetPan=0 OffsetMin=-101 Result=256 Diff=-256 FFFFFF00 155
[11.12.2001 00:31:27] OffsetPan=0 OffsetMin=2 Result=0 Diff=0 0 2
[11.12.2001 00:31:27] OffsetPan=0 OffsetMin=-101 Result=256 Diff=-256 FFFFFF00 155
[11.12.2001 00:31:27] OffsetPan=0 OffsetMin=-197 Result=256 Diff=-256 FFFFFF00 59
[11.12.2001 00:31:27] OffsetPan=0 OffsetMin=4460 Result=-4352 Diff=4352 1100 108
[11.12.2001 00:31:27] OffsetPan=0 OffsetMin=-8 Result=256 Diff=-256 FFFFFF00 248
[11.12.2001 00:31:27] OffsetPan=0 OffsetMin=-133 Result=256 Diff=-256 FFFFFF00 123
[11.12.2001 00:31:27] OffsetPan=0 OffsetMin=4500 Result=-4352 Diff=4352 1100 148
[11.12.2001 00:31:27] OffsetPan=0 OffsetMin=-101 Result=256 Diff=-256 FFFFFF00 155
[11.12.2001 00:31:27] OffsetPan=0 OffsetMin=4456 Result=-4352 Diff=4352 1100 104
[11.12.2001 00:31:27] OffsetPan=0 OffsetMin=-101 Result=256 Diff=-256 FFFFFF00 155
[11.12.2001 00:31:27] OffsetPan=0 OffsetMin=-4504 Result=4608 Diff=-4608 FFFFEE00 104
[11.12.2001 00:31:27] OffsetPan=0 OffsetMin=-101 Result=256 Diff=-256 FFFFFF00 155
[11.12.2001 00:31:27] OffsetPan=0 OffsetMin=-4460 Result=4608 Diff=-4608 FFFFEE00 148
[11.12.2001 00:31:27] OffsetPan=0 OffsetMin=-101 Result=256 Diff=-256 FFFFFF00 155
[11.12.2001 00:31:27] OffsetPan=0 OffsetMin=-3 Result=256 Diff=-256 FFFFFF00 253
[11.12.2001 00:31:27] OffsetPan=0 OffsetMin=-74 Result=256 Diff=-256 FFFFFF00 182
[11.12.2001 00:31:27] OffsetPan=0 OffsetMin=-4 Result=256 Diff=-256 FFFFFF00 252
[11.12.2001 00:31:27] OffsetPan=0 OffsetMin=-74 Result=256 Diff=-256 FFFFFF00 182
[11.12.2001 00:31:27] OffsetPan=0 OffsetMin=-4 Result=256 Diff=-256 FFFFFF00 252
[11.12.2001 00:31:27] OffsetPan=0 OffsetMin=-74 Result=256 Diff=-256 FFFFFF00 182
[11.12.2001 00:31:27] OffsetPan=0 OffsetMin=-195 Result=256 Diff=-256 FFFFFF00 61
[11.12.2001 00:31:27] OffsetPan=0 OffsetMin=4460 Result=-4352 Diff=4352 1100 108
[11.12.2001 00:31:27] OffsetPan=0 OffsetMin=-4 Result=256 Diff=-256 FFFFFF00 252
[11.12.2001 00:31:27] OffsetPan=0 OffsetMin=-74 Result=256 Diff=-256 FFFFFF00 182
[11.12.2001 00:31:27] OffsetPan=0 OffsetMin=-3 Result=256 Diff=-256 FFFFFF00 253
[11.12.2001 00:31:27] OffsetPan=0 OffsetMin=-74 Result=256 Diff=-256 FFFFFF00 182
[11.12.2001 00:31:27] OffsetPan=0 OffsetMin=-48 Result=256 Diff=-256 FFFFFF00 208
[11.12.2001 00:31:27] OffsetPan=0 OffsetMin=-85 Result=256 Diff=-256 FFFFFF00 171
[11.12.2001 00:31:27] OffsetPan=0 OffsetMin=-4 Result=256 Diff=-256 FFFFFF00 252
[11.12.2001 00:31:27] OffsetPan=0 OffsetMin=-74 Result=256 Diff=-256 FFFFFF00 182
[11.12.2001 00:31:27] OffsetPan=0 OffsetMin=-3 Result=256 Diff=-256 FFFFFF00 253
[11.12.2001 00:31:27] OffsetPan=0 OffsetMin=-74 Result=256 Diff=-256 FFFFFF00 182
[11.12.2001 00:31:27] OffsetPan=0 OffsetMin=-156 Result=256 Diff=-256 FFFFFF00 100
[11.12.2001 00:31:27] OffsetPan=0 OffsetMin=4500 Result=-4352 Diff=4352 1100 148
[11.12.2001 00:31:27] OffsetPan=0 OffsetMin=-156 Result=256 Diff=-256 FFFFFF00 100
[11.12.2001 00:31:27] OffsetPan=0 OffsetMin=4456 Result=-4352 Diff=4352 1100 104
[11.12.2001 00:31:27] OffsetPan=0 OffsetMin=-195 Result=256 Diff=-256 FFFFFF00 61
[11.12.2001 00:31:27] OffsetPan=0 OffsetMin=4500 Result=-4352 Diff=4352 1100 148
[11.12.2001 00:31:27] OffsetPan=0 OffsetMin=-195 Result=256 Diff=-256 FFFFFF00 61
[11.12.2001 00:31:27] OffsetPan=0 OffsetMin=4456 Result=-4352 Diff=4352 1100 104
[11.12.2001 00:31:32] OffsetPan=0 OffsetMin=-3 Result=256 Diff=-256 FFFFFF00 253
[11.12.2001 00:31:32] OffsetPan=0 OffsetMin=-74 Result=256 Diff=-256 FFFFFF00 182
[11.12.2001 00:31:32] OffsetPan=0 OffsetMin=-156 Result=256 Diff=-256 FFFFFF00 100
[11.12.2001 00:31:32] OffsetPan=0 OffsetMin=4460 Result=-4352 Diff=4352 1100 108
[11.12.2001 00:31:32] OffsetPan=0 OffsetMin=-4 Result=256 Diff=-256 FFFFFF00 252
[11.12.2001 00:31:32] OffsetPan=0 OffsetMin=-74 Result=256 Diff=-256 FFFFFF00 182
[11.12.2001 00:31:32] OffsetPan=0 OffsetMin=-4 Result=256 Diff=-256 FFFFFF00 252
[11.12.2001 00:31:32] OffsetPan=0 OffsetMin=-74 Result=256 Diff=-256 FFFFFF00 182
[11.12.2001 00:31:32] OffsetPan=0 OffsetMin=-4 Result=256 Diff=-256 FFFFFF00 252
[11.12.2001 00:31:32] OffsetPan=0 OffsetMin=-74 Result=256 Diff=-256 FFFFFF00 182
[11.12.2001 00:31:32] OffsetPan=0 OffsetMin=-3 Result=256 Diff=-256 FFFFFF00 253
[11.12.2001 00:31:32] OffsetPan=0 OffsetMin=-74 Result=256 Diff=-256 FFFFFF00 182
[11.12.2001 00:31:32] OffsetPan=0 OffsetMin=-3 Result=256 Diff=-256 FFFFFF00 253
[11.12.2001 00:31:32] OffsetPan=0 OffsetMin=-74 Result=256 Diff=-256 FFFFFF00 182
[11.12.2001 00:31:32] OffsetPan=0 OffsetMin=-3 Result=256 Diff=-256 FFFFFF00 253
[11.12.2001 00:31:32] OffsetPan=0 OffsetMin=-74 Result=256 Diff=-256 FFFFFF00 182
[11.12.2001 00:31:32] OffsetPan=0 OffsetMin=-3 Result=256 Diff=-256 FFFFFF00 253
[11.12.2001 00:31:32] OffsetPan=0 OffsetMin=-74 Result=256 Diff=-256 FFFFFF00 182
[11.12.2001 00:31:32] OffsetPan=0 OffsetMin=-4 Result=256 Diff=-256 FFFFFF00 252
[11.12.2001 00:31:32] OffsetPan=0 OffsetMin=-74 Result=256 Diff=-256 FFFFFF00 182
[11.12.2001 00:31:32] OffsetPan=0 OffsetMin=-191 Result=256 Diff=-256 FFFFFF00 65
[11.12.2001 00:31:32] OffsetPan=0 OffsetMin=4456 Result=-4352 Diff=4352 1100 104
[11.12.2001 00:31:32] OffsetPan=0 OffsetMin=-48 Result=256 Diff=-256 FFFFFF00 208
[11.12.2001 00:31:32] OffsetPan=0 OffsetMin=-85 Result=256 Diff=-256 FFFFFF00 171
[11.12.2001 00:31:32] OffsetPan=0 OffsetMin=-43 Result=256 Diff=-256 FFFFFF00 213
[11.12.2001 00:31:32] OffsetPan=0 OffsetMin=-85 Result=256 Diff=-256 FFFFFF00 171
[11.12.2001 00:31:32] OffsetPan=0 OffsetMin=-43 Result=256 Diff=-256 FFFFFF00 213
[11.12.2001 00:31:32] OffsetPan=0 OffsetMin=-85 Result=256 Diff=-256 FFFFFF00 171
[11.12.2001 00:31:32] OffsetPan=0 OffsetMin=-191 Result=256 Diff=-256 FFFFFF00 65
[11.12.2001 00:31:32] OffsetPan=0 OffsetMin=4456 Result=-4352 Diff=4352 1100 104
[11.12.2001 00:31:32] OffsetPan=0 OffsetMin=-4 Result=256 Diff=-256 FFFFFF00 252
[11.12.2001 00:31:32] OffsetPan=0 OffsetMin=-133 Result=256 Diff=-256 FFFFFF00 123
[11.12.2001 00:31:32] OffsetPan=0 OffsetMin=-195 Result=256 Diff=-256 FFFFFF00 61
[11.12.2001 00:31:32] OffsetPan=0 OffsetMin=4460 Result=-4352 Diff=4352 1100 108
[11.12.2001 00:31:32] OffsetPan=0 OffsetMin=-200 Result=256 Diff=-256 FFFFFF00 56
[11.12.2001 00:31:32] OffsetPan=0 OffsetMin=4456 Result=-4352 Diff=4352 1100 104
[11.12.2001 00:31:32] OffsetPan=0 OffsetMin=-4504 Result=4608 Diff=-4608 FFFFEE00 104
[11.12.2001 00:31:32] OffsetPan=0 OffsetMin=-134 Result=256 Diff=-256 FFFFFF00 122
[11.12.2001 00:31:32] OffsetPan=0 OffsetMin=4456 Result=-4352 Diff=4352 1100 104
[11.12.2001 00:31:32] OffsetPan=0 OffsetMin=-134 Result=256 Diff=-256 FFFFFF00 122
[11.12.2001 00:31:32] OffsetPan=0 OffsetMin=0 Result=0 Diff=0 0 0
[11.12.2001 00:31:32] OffsetPan=0 OffsetMin=-101 Result=256 Diff=-256 FFFFFF00 155
[11.12.2001 00:31:32] OffsetPan=0 OffsetMin=2 Result=0 Diff=0 0 2
[11.12.2001 00:31:32] OffsetPan=0 OffsetMin=-101 Result=256 Diff=-256 FFFFFF00 155
[11.12.2001 00:31:32] OffsetPan=0 OffsetMin=-197 Result=256 Diff=-256 FFFFFF00 59
[11.12.2001 00:31:32] OffsetPan=0 OffsetMin=4460 Result=-4352 Diff=4352 1100 108
[11.12.2001 00:31:32] OffsetPan=0 OffsetMin=-8 Result=256 Diff=-256 FFFFFF00 248
[11.12.2001 00:31:32] OffsetPan=0 OffsetMin=-133 Result=256 Diff=-256 FFFFFF00 123
[11.12.2001 00:31:32] OffsetPan=0 OffsetMin=4500 Result=-4352 Diff=4352 1100 148
[11.12.2001 00:31:32] OffsetPan=0 OffsetMin=-101 Result=256 Diff=-256 FFFFFF00 155
[11.12.2001 00:31:32] OffsetPan=0 OffsetMin=4456 Result=-4352 Diff=4352 1100 104
[11.12.2001 00:31:32] OffsetPan=0 OffsetMin=-101 Result=256 Diff=-256 FFFFFF00 155
[11.12.2001 00:31:32] OffsetPan=0 OffsetMin=-4504 Result=4608 Diff=-4608 FFFFEE00 104
[11.12.2001 00:31:32] OffsetPan=0 OffsetMin=-101 Result=256 Diff=-256 FFFFFF00 155
[11.12.2001 00:31:32] OffsetPan=0 OffsetMin=-4460 Result=4608 Diff=-4608 FFFFEE00 148
[11.12.2001 00:31:32] OffsetPan=0 OffsetMin=-101 Result=256 Diff=-256 FFFFFF00 155
[11.12.2001 00:31:32] OffsetPan=0 OffsetMin=-3 Result=256 Diff=-256 FFFFFF00 253
[11.12.2001 00:31:32] OffsetPan=0 OffsetMin=-74 Result=256 Diff=-256 FFFFFF00 182
[11.12.2001 00:31:32] OffsetPan=0 OffsetMin=-4 Result=256 Diff=-256 FFFFFF00 252
[11.12.2001 00:31:32] OffsetPan=0 OffsetMin=-74 Result=256 Diff=-256 FFFFFF00 182
[11.12.2001 00:31:32] OffsetPan=0 OffsetMin=-4 Result=256 Diff=-256 FFFFFF00 252
[11.12.2001 00:31:32] OffsetPan=0 OffsetMin=-74 Result=256 Diff=-256 FFFFFF00 182
[11.12.2001 00:31:32] OffsetPan=0 OffsetMin=-195 Result=256 Diff=-256 FFFFFF00 61
[11.12.2001 00:31:32] OffsetPan=0 OffsetMin=4460 Result=-4352 Diff=4352 1100 108
[11.12.2001 00:31:32] OffsetPan=0 OffsetMin=-4 Result=256 Diff=-256 FFFFFF00 252
[11.12.2001 00:31:32] OffsetPan=0 OffsetMin=-74 Result=256 Diff=-256 FFFFFF00 182
[11.12.2001 00:31:32] OffsetPan=0 OffsetMin=-3 Result=256 Diff=-256 FFFFFF00 253
[11.12.2001 00:31:32] OffsetPan=0 OffsetMin=-74 Result=256 Diff=-256 FFFFFF00 182
[11.12.2001 00:31:32] OffsetPan=0 OffsetMin=-48 Result=256 Diff=-256 FFFFFF00 208
[11.12.2001 00:31:32] OffsetPan=0 OffsetMin=-85 Result=256 Diff=-256 FFFFFF00 171
[11.12.2001 00:31:32] OffsetPan=0 OffsetMin=-4 Result=256 Diff=-256 FFFFFF00 252
[11.12.2001 00:31:32] OffsetPan=0 OffsetMin=-74 Result=256 Diff=-256 FFFFFF00 182
[11.12.2001 00:31:32] OffsetPan=0 OffsetMin=-3 Result=256 Diff=-256 FFFFFF00 253
[11.12.2001 00:31:32] OffsetPan=0 OffsetMin=-74 Result=256 Diff=-256 FFFFFF00 182
[11.12.2001 00:31:32] OffsetPan=0 OffsetMin=-312 Result=512 Diff=-512 FFFFFE00 200
[11.12.2001 00:31:32] OffsetPan=0 OffsetMin=9000 Result=-8960 Diff=8960 2300 40
[11.12.2001 00:31:32] OffsetPan=0 OffsetMin=-312 Result=512 Diff=-512 FFFFFE00 200
[11.12.2001 00:31:32] OffsetPan=0 OffsetMin=8912 Result=-8704 Diff=8704 2200 208
[11.12.2001 00:31:32] OffsetPan=0 OffsetMin=-390 Result=512 Diff=-512 FFFFFE00 122
[11.12.2001 00:31:32] OffsetPan=0 OffsetMin=9000 Result=-8960 Diff=8960 2300 40
[11.12.2001 00:31:32] OffsetPan=0 OffsetMin=-390 Result=512 Diff=-512 FFFFFE00 122
[11.12.2001 00:31:32] OffsetPan=0 OffsetMin=8912 Result=-8704 Diff=8704 2200 208
[11.12.2001 00:31:53] OffsetPan=-129 OffsetMin=-16 Result=127 Diff=-256 FFFFFF00 111
[11.12.2001 00:31:53] OffsetPan=-114 OffsetMin=-64 Result=142 Diff=-256 FFFFFF00 78
[11.12.2001 00:31:53] OffsetPan=-70 OffsetMin=-80 Result=186 Diff=-256 FFFFFF00 106
[11.12.2001 00:31:53] OffsetPan=-114 OffsetMin=26 Result=142 Diff=-256 FFFFFF00 168
[11.12.2001 00:31:53] OffsetPan=-129 OffsetMin=-16 Result=127 Diff=-256 FFFFFF00 111
[11.12.2001 00:31:53] OffsetPan=-114 OffsetMin=-128 Result=142 Diff=-256 FFFFFF00 14
[11.12.2001 00:31:53] OffsetPan=-70 OffsetMin=-64 Result=186 Diff=-256 FFFFFF00 122
[11.12.2001 00:31:53] OffsetPan=-114 OffsetMin=8 Result=142 Diff=-256 FFFFFF00 150
[11.12.2001 00:31:53] OffsetPan=-126 OffsetMin=-8 Result=130 Diff=-256 FFFFFF00 122
[11.12.2001 00:31:53] OffsetPan=-224 OffsetMin=-16 Result=32 Diff=-256 FFFFFF00 16
[11.12.2001 00:31:53] OffsetPan=-90 OffsetMin=-124 Result=166 Diff=-256 FFFFFF00 42
[11.12.2001 00:31:53] OffsetPan=-114 OffsetMin=8 Result=142 Diff=-256 FFFFFF00 150
[11.12.2001 00:31:53] OffsetPan=-129 OffsetMin=-24 Result=127 Diff=-256 FFFFFF00 103
[11.12.2001 00:31:53] OffsetPan=-114 OffsetMin=0 Result=142 Diff=-256 FFFFFF00 142
[11.12.2001 00:31:53] OffsetPan=-129 OffsetMin=-24 Result=127 Diff=-256 FFFFFF00 103
[11.12.2001 00:31:53] OffsetPan=-114 OffsetMin=0 Result=142 Diff=-256 FFFFFF00 142
[11.12.2001 00:31:53] OffsetPan=-129 OffsetMin=-24 Result=127 Diff=-256 FFFFFF00 103
[11.12.2001 00:31:53] OffsetPan=-114 OffsetMin=0 Result=142 Diff=-256 FFFFFF00 142
[11.12.2001 00:31:53] OffsetPan=-129 OffsetMin=8 Result=127 Diff=-256 FFFFFF00 135
[11.12.2001 00:31:53] OffsetPan=-114 OffsetMin=-40 Result=142 Diff=-256 FFFFFF00 102
[11.12.2001 00:31:53] OffsetPan=-129 OffsetMin=0 Result=127 Diff=-256 FFFFFF00 127
[11.12.2001 00:31:53] OffsetPan=-114 OffsetMin=-260 Result=398 Diff=-512 FFFFFE00 138
[11.12.2001 00:31:53] OffsetPan=-129 OffsetMin=0 Result=127 Diff=-256 FFFFFF00 127
[11.12.2001 00:31:53] OffsetPan=-113 OffsetMin=-128 Result=143 Diff=-256 FFFFFF00 15
[11.12.2001 00:31:53] OffsetPan=-126 OffsetMin=-8 Result=130 Diff=-256 FFFFFF00 122
[11.12.2001 00:31:53] OffsetPan=-224 OffsetMin=-16 Result=32 Diff=-256 FFFFFF00 16
[11.12.2001 00:31:53] OffsetPan=-129 OffsetMin=0 Result=127 Diff=-256 FFFFFF00 127
[11.12.2001 00:31:53] OffsetPan=-114 OffsetMin=-224 Result=398 Diff=-512 FFFFFE00 174
[11.12.2001 00:31:53] OffsetPan=-90 OffsetMin=-128 Result=166 Diff=-256 FFFFFF00 38
[11.12.2001 00:31:53] OffsetPan=-114 OffsetMin=0 Result=142 Diff=-256 FFFFFF00 142
[11.12.2001 00:31:53] OffsetPan=-90 OffsetMin=-116 Result=166 Diff=-256 FFFFFF00 50
[11.12.2001 00:31:53] OffsetPan=-114 OffsetMin=28 Result=142 Diff=-256 FFFFFF00 170
[11.12.2001 00:31:53] OffsetPan=-90 OffsetMin=-128 Result=166 Diff=-256 FFFFFF00 38
[11.12.2001 00:31:53] OffsetPan=-114 OffsetMin=0 Result=142 Diff=-256 FFFFFF00 142
[11.12.2001 00:31:53] OffsetPan=-90 OffsetMin=-128 Result=166 Diff=-256 FFFFFF00 38
[11.12.2001 00:31:53] OffsetPan=-114 OffsetMin=0 Result=142 Diff=-256 FFFFFF00 142
[11.12.2001 00:31:53] OffsetPan=-70 OffsetMin=-24 Result=186 Diff=-256 FFFFFF00 162
[11.12.2001 00:31:53] OffsetPan=-114 OffsetMin=0 Result=142 Diff=-256 FFFFFF00 142
[11.12.2001 00:31:53] OffsetPan=-70 OffsetMin=-32 Result=186 Diff=-256 FFFFFF00 154
[11.12.2001 00:31:53] OffsetPan=-114 OffsetMin=28 Result=142 Diff=-256 FFFFFF00 170
[11.12.2001 00:31:53] OffsetPan=-70 OffsetMin=-8 Result=186 Diff=-256 FFFFFF00 178
[11.12.2001 00:31:53] OffsetPan=-114 OffsetMin=0 Result=142 Diff=-256 FFFFFF00 142
[11.12.2001 00:31:53] OffsetPan=-70 OffsetMin=-8 Result=186 Diff=-256 FFFFFF00 178
[11.12.2001 00:31:53] OffsetPan=-114 OffsetMin=0 Result=142 Diff=-256 FFFFFF00 142
[11.12.2001 00:31:53] OffsetPan=-129 OffsetMin=-16 Result=127 Diff=-256 FFFFFF00 111
[11.12.2001 00:31:53] OffsetPan=-114 OffsetMin=-8 Result=142 Diff=-256 FFFFFF00 134
[11.12.2001 00:31:53] OffsetPan=-129 OffsetMin=8 Result=127 Diff=-256 FFFFFF00 135
[11.12.2001 00:31:53] OffsetPan=-114 OffsetMin=-8 Result=142 Diff=-256 FFFFFF00 134
[11.12.2001 00:31:53] OffsetPan=-70 OffsetMin=-128 Result=186 Diff=-256 FFFFFF00 58
[11.12.2001 00:31:53] OffsetPan=-114 OffsetMin=0 Result=142 Diff=-256 FFFFFF00 142
[11.12.2001 00:31:53] OffsetPan=-90 OffsetMin=-24 Result=166 Diff=-256 FFFFFF00 142
[11.12.2001 00:31:53] OffsetPan=-114 OffsetMin=0 Result=142 Diff=-256 FFFFFF00 142
[11.12.2001 00:31:53] OffsetPan=-129 OffsetMin=8 Result=127 Diff=-256 FFFFFF00 135
[11.12.2001 00:31:53] OffsetPan=-114 OffsetMin=-11 Result=142 Diff=-256 FFFFFF00 131
[11.12.2001 00:31:53] OffsetPan=-129 OffsetMin=8 Result=127 Diff=-256 FFFFFF00 135
[11.12.2001 00:31:53] OffsetPan=-114 OffsetMin=-25 Result=142 Diff=-256 FFFFFF00 117
[11.12.2001 00:31:53] OffsetPan=-129 OffsetMin=8 Result=127 Diff=-256 FFFFFF00 135
[11.12.2001 00:31:53] OffsetPan=-114 OffsetMin=-40 Result=142 Diff=-256 FFFFFF00 102
[11.12.2001 00:31:53] OffsetPan=-129 OffsetMin=-16 Result=127 Diff=-256 FFFFFF00 111
[11.12.2001 00:31:53] OffsetPan=-114 OffsetMin=-260 Result=398 Diff=-512 FFFFFE00 138
[11.12.2001 00:31:53] OffsetPan=-126 OffsetMin=-80 Result=130 Diff=-256 FFFFFF00 50
[11.12.2001 00:31:53] OffsetPan=-224 OffsetMin=-16 Result=32 Diff=-256 FFFFFF00 16
[11.12.2001 00:31:53] OffsetPan=-90 OffsetMin=-66 Result=166 Diff=-256 FFFFFF00 100
[11.12.2001 00:31:53] OffsetPan=-114 OffsetMin=8 Result=142 Diff=-256 FFFFFF00 150
[11.12.2001 00:31:53] OffsetPan=-90 OffsetMin=-32 Result=166 Diff=-256 FFFFFF00 134
[11.12.2001 00:31:53] OffsetPan=-114 OffsetMin=40 Result=142 Diff=-256 FFFFFF00 182
[11.12.2001 00:31:53] OffsetPan=-70 OffsetMin=-120 Result=186 Diff=-256 FFFFFF00 66
[11.12.2001 00:31:53] OffsetPan=-114 OffsetMin=8 Result=142 Diff=-256 FFFFFF00 150
[11.12.2001 00:31:53] OffsetPan=-70 OffsetMin=-110 Result=186 Diff=-256 FFFFFF00 76
[11.12.2001 00:31:53] OffsetPan=-114 OffsetMin=40 Result=142 Diff=-256 FFFFFF00 182
[11.12.2001 00:31:53] OffsetPan=-129 OffsetMin=0 Result=127 Diff=-256 FFFFFF00 127
[11.12.2001 00:31:53] OffsetPan=-113 OffsetMin=-8 Result=143 Diff=-256 FFFFFF00 135
[11.12.2001 00:31:53] OffsetPan=-129 OffsetMin=-16 Result=127 Diff=-256 FFFFFF00 111
[11.12.2001 00:31:53] OffsetPan=-114 OffsetMin=-224 Result=398 Diff=-512 FFFFFE00 174
[11.12.2001 00:31:53] OffsetPan=-126 OffsetMin=-128 Result=130 Diff=-256 FFFFFF00 2
[11.12.2001 00:31:53] OffsetPan=-224 OffsetMin=-16 Result=32 Diff=-256 FFFFFF00 16
[11.12.2001 00:31:53] OffsetPan=-90 OffsetMin=-8 Result=166 Diff=-256 FFFFFF00 158
[11.12.2001 00:31:53] OffsetPan=-114 OffsetMin=0 Result=142 Diff=-256 FFFFFF00 142
[11.12.2001 00:31:53] OffsetPan=-90 OffsetMin=-8 Result=166 Diff=-256 FFFFFF00 158
[11.12.2001 00:31:53] OffsetPan=-114 OffsetMin=0 Result=142 Diff=-256 FFFFFF00 142
[11.12.2001 00:31:53] OffsetPan=-70 OffsetMin=-128 Result=186 Diff=-256 FFFFFF00 58
[11.12.2001 00:31:53] OffsetPan=-114 OffsetMin=0 Result=142 Diff=-256 FFFFFF00 142
[11.12.2001 00:31:53] OffsetPan=-70 OffsetMin=-128 Result=186 Diff=-256 FFFFFF00 58
[11.12.2001 00:31:53] OffsetPan=-114 OffsetMin=0 Result=142 Diff=-256 FFFFFF00 142
[11.12.2001 00:31:53] OffsetPan=-129 OffsetMin=-64 Result=127 Diff=-256 FFFFFF00 63
[11.12.2001 00:31:53] OffsetPan=-114 OffsetMin=-128 Result=142 Diff=-256 FFFFFF00 14
[11.12.2001 00:31:53] OffsetPan=-70 OffsetMin=-80 Result=186 Diff=-256 FFFFFF00 106
[11.12.2001 00:31:53] OffsetPan=-114 OffsetMin=26 Result=142 Diff=-256 FFFFFF00 168
[11.12.2001 00:31:53] OffsetPan=-90 OffsetMin=-80 Result=166 Diff=-256 FFFFFF00 86
[11.12.2001 00:31:53] OffsetPan=-114 OffsetMin=26 Result=142 Diff=-256 FFFFFF00 168
[11.12.2001 00:31:53] OffsetPan=-129 OffsetMin=8 Result=127 Diff=-256 FFFFFF00 135
[11.12.2001 00:31:53] OffsetPan=-114 OffsetMin=-32 Result=142 Diff=-256 FFFFFF00 110
[11.12.2001 00:31:53] OffsetPan=-129 OffsetMin=-16 Result=127 Diff=-256 FFFFFF00 111
[11.12.2001 00:31:53] OffsetPan=-114 OffsetMin=-64 Result=142 Diff=-256 FFFFFF00 78
[11.12.2001 00:31:53] OffsetPan=-6 OffsetMin=0 Result=250 Diff=-256 FFFFFF00 250
[11.12.2001 00:31:53] OffsetPan=-698 OffsetMin=2514 Result=-2490 Diff=1792 700 24
[11.12.2001 00:31:53] OffsetPan=-129 OffsetMin=8 Result=127 Diff=-256 FFFFFF00 135
[11.12.2001 00:31:53] OffsetPan=-114 OffsetMin=-22 Result=142 Diff=-256 FFFFFF00 120
[11.12.2001 00:31:53] OffsetPan=-129 OffsetMin=-24 Result=127 Diff=-256 FFFFFF00 103
[11.12.2001 00:31:53] OffsetPan=-114 OffsetMin=0 Result=142 Diff=-256 FFFFFF00 142
[11.12.2001 00:31:53] OffsetPan=-90 OffsetMin=-68 Result=166 Diff=-256 FFFFFF00 98
[11.12.2001 00:31:53] OffsetPan=-114 OffsetMin=26 Result=142 Diff=-256 FFFFFF00 168
[11.12.2001 00:31:53] OffsetPan=-70 OffsetMin=-64 Result=186 Diff=-256 FFFFFF00 122
[11.12.2001 00:31:53] OffsetPan=-114 OffsetMin=26 Result=142 Diff=-256 FFFFFF00 168
[11.12.2001 00:31:53] OffsetPan=-698 OffsetMin=2514 Result=-2490 Diff=1792 700 24
[11.12.2001 00:31:53] OffsetPan=-129 OffsetMin=-16 Result=127 Diff=-256 FFFFFF00 111
[11.12.2001 00:31:53] OffsetPan=-114 OffsetMin=-56 Result=142 Diff=-256 FFFFFF00 86
[11.12.2001 00:31:53] OffsetPan=-129 OffsetMin=-8 Result=127 Diff=-256 FFFFFF00 119
[11.12.2001 00:31:53] OffsetPan=-114 OffsetMin=-24 Result=142 Diff=-256 FFFFFF00 118
[11.12.2001 00:31:53] OffsetPan=-698 OffsetMin=2514 Result=-2490 Diff=1792 700 24
[11.12.2001 00:31:53] OffsetPan=-129 OffsetMin=-16 Result=127 Diff=-256 FFFFFF00 111
[11.12.2001 00:31:53] OffsetPan=-114 OffsetMin=-104 Result=142 Diff=-256 FFFFFF00 38
[11.12.2001 00:31:53] OffsetPan=-129 OffsetMin=-8 Result=127 Diff=-256 FFFFFF00 119
[11.12.2001 00:31:53] OffsetPan=-114 OffsetMin=-120 Result=142 Diff=-256 FFFFFF00 22
[11.12.2001 00:31:53] OffsetPan=-70 OffsetMin=-80 Result=186 Diff=-256 FFFFFF00 106
[11.12.2001 00:31:53] OffsetPan=-114 OffsetMin=26 Result=142 Diff=-256 FFFFFF00 168
[11.12.2001 00:31:53] OffsetPan=-126 OffsetMin=-8 Result=130 Diff=-256 FFFFFF00 122
[11.12.2001 00:31:53] OffsetPan=-224 OffsetMin=-16 Result=32 Diff=-256 FFFFFF00 16
[11.12.2001 00:31:53] OffsetPan=-129 OffsetMin=-16 Result=127 Diff=-256 FFFFFF00 111
[11.12.2001 00:31:53] OffsetPan=-114 OffsetMin=-56 Result=142 Diff=-256 FFFFFF00 86
[11.12.2001 00:31:53] OffsetPan=-129 OffsetMin=0 Result=127 Diff=-256 FFFFFF00 127
[11.12.2001 00:31:53] OffsetPan=-114 OffsetMin=-260 Result=398 Diff=-512 FFFFFE00 138
[11.12.2001 00:31:53] OffsetPan=-90 OffsetMin=-120 Result=166 Diff=-256 FFFFFF00 46
[11.12.2001 00:31:53] OffsetPan=-114 OffsetMin=40 Result=142 Diff=-256 FFFFFF00 182
[11.12.2001 00:31:53] OffsetPan=-129 OffsetMin=-72 Result=127 Diff=-256 FFFFFF00 55
[11.12.2001 00:31:53] OffsetPan=-114 OffsetMin=0 Result=142 Diff=-256 FFFFFF00 142
[11.12.2001 00:31:53] OffsetPan=-126 OffsetMin=-8 Result=130 Diff=-256 FFFFFF00 122
[11.12.2001 00:31:53] OffsetPan=-224 OffsetMin=-16 Result=32 Diff=-256 FFFFFF00 16
[11.12.2001 00:31:53] OffsetPan=-129 OffsetMin=-16 Result=127 Diff=-256 FFFFFF00 111
[11.12.2001 00:31:53] OffsetPan=-114 OffsetMin=-260 Result=398 Diff=-512 FFFFFE00 138
[11.12.2001 00:31:53] OffsetPan=-129 OffsetMin=-16 Result=127 Diff=-256 FFFFFF00 111
[11.12.2001 00:31:53] OffsetPan=-114 OffsetMin=-104 Result=142 Diff=-256 FFFFFF00 38
[11.12.2001 00:31:53] OffsetPan=-90 OffsetMin=-32 Result=166 Diff=-256 FFFFFF00 134
[11.12.2001 00:31:53] OffsetPan=-114 OffsetMin=40 Result=142 Diff=-256 FFFFFF00 182
[11.12.2001 00:31:53] OffsetPan=-126 OffsetMin=-80 Result=130 Diff=-256 FFFFFF00 50
[11.12.2001 00:31:53] OffsetPan=-224 OffsetMin=-16 Result=32 Diff=-256 FFFFFF00 16
[11.12.2001 00:31:53] OffsetPan=-129 OffsetMin=56 Result=127 Diff=-256 FFFFFF00 183
[11.12.2001 00:31:53] OffsetPan=-114 OffsetMin=-11 Result=142 Diff=-256 FFFFFF00 131
[11.12.2001 00:31:53] OffsetPan=-129 OffsetMin=-8 Result=127 Diff=-256 FFFFFF00 119
[11.12.2001 00:31:53] OffsetPan=-114 OffsetMin=-72 Result=142 Diff=-256 FFFFFF00 70
[11.12.2001 00:31:53] OffsetPan=-129 OffsetMin=-8 Result=127 Diff=-256 FFFFFF00 119
[11.12.2001 00:31:53] OffsetPan=-114 OffsetMin=-72 Result=142 Diff=-256 FFFFFF00 70
[11.12.2001 00:31:53] OffsetPan=-129 OffsetMin=56 Result=127 Diff=-256 FFFFFF00 183
[11.12.2001 00:31:53] OffsetPan=-114 OffsetMin=-22 Result=142 Diff=-256 FFFFFF00 120
[11.12.2001 00:31:53] OffsetPan=-129 OffsetMin=-72 Result=127 Diff=-256 FFFFFF00 55
[11.12.2001 00:31:53] OffsetPan=-114 OffsetMin=0 Result=142 Diff=-256 FFFFFF00 142
[11.12.2001 00:31:53] OffsetPan=-129 OffsetMin=56 Result=127 Diff=-256 FFFFFF00 183
[11.12.2001 00:31:53] OffsetPan=-114 OffsetMin=-32 Result=142 Diff=-256 FFFFFF00 110
[11.12.2001 00:31:53] OffsetPan=-90 OffsetMin=-80 Result=166 Diff=-256 FFFFFF00 86
[11.12.2001 00:31:53] OffsetPan=-114 OffsetMin=26 Result=142 Diff=-256 FFFFFF00 168
[11.12.2001 00:31:53] OffsetPan=-129 OffsetMin=0 Result=127 Diff=-256 FFFFFF00 127
[11.12.2001 00:31:53] OffsetPan=-113 OffsetMin=-128 Result=143 Diff=-256 FFFFFF00 15
[11.12.2001 00:31:53] OffsetPan=-90 OffsetMin=-124 Result=166 Diff=-256 FFFFFF00 42
[11.12.2001 00:31:53] OffsetPan=-114 OffsetMin=8 Result=142 Diff=-256 FFFFFF00 150
[11.12.2001 00:31:53] OffsetPan=-129 OffsetMin=-72 Result=127 Diff=-256 FFFFFF00 55
[11.12.2001 00:31:53] OffsetPan=-114 OffsetMin=0 Result=142 Diff=-256 FFFFFF00 142
[11.12.2001 00:31:53] OffsetPan=-129 OffsetMin=-72 Result=127 Diff=-256 FFFFFF00 55
[11.12.2001 00:31:53] OffsetPan=-114 OffsetMin=0 Result=142 Diff=-256 FFFFFF00 142
[11.12.2001 00:31:53] OffsetPan=-129 OffsetMin=56 Result=127 Diff=-256 FFFFFF00 183
[11.12.2001 00:31:53] OffsetPan=-114 OffsetMin=-40 Result=142 Diff=-256 FFFFFF00 102
[11.12.2001 00:31:53] OffsetPan=-129 OffsetMin=0 Result=127 Diff=-256 FFFFFF00 127
[11.12.2001 00:31:53] OffsetPan=-114 OffsetMin=-224 Result=398 Diff=-512 FFFFFE00 174
[11.12.2001 00:31:53] OffsetPan=-90 OffsetMin=-128 Result=166 Diff=-256 FFFFFF00 38
[11.12.2001 00:31:53] OffsetPan=-114 OffsetMin=0 Result=142 Diff=-256 FFFFFF00 142
[11.12.2001 00:31:53] OffsetPan=-90 OffsetMin=-128 Result=166 Diff=-256 FFFFFF00 38
[11.12.2001 00:31:53] OffsetPan=-114 OffsetMin=0 Result=142 Diff=-256 FFFFFF00 142
[11.12.2001 00:31:53] OffsetPan=-129 OffsetMin=56 Result=127 Diff=-256 FFFFFF00 183
[11.12.2001 00:31:53] OffsetPan=-114 OffsetMin=-8 Result=142 Diff=-256 FFFFFF00 134
[11.12.2001 00:31:53] OffsetPan=-129 OffsetMin=56 Result=127 Diff=-256 FFFFFF00 183
[11.12.2001 00:31:53] OffsetPan=-114 OffsetMin=-25 Result=142 Diff=-256 FFFFFF00 117
[11.12.2001 00:31:53] OffsetPan=-90 OffsetMin=-68 Result=166 Diff=-256 FFFFFF00 98
[11.12.2001 00:31:53] OffsetPan=-114 OffsetMin=26 Result=142 Diff=-256 FFFFFF00 168
[11.12.2001 00:31:53] OffsetPan=-90 OffsetMin=-66 Result=166 Diff=-256 FFFFFF00 100
[11.12.2001 00:31:53] OffsetPan=-114 OffsetMin=8 Result=142 Diff=-256 FFFFFF00 150
[11.12.2001 00:31:53] OffsetPan=-129 OffsetMin=56 Result=127 Diff=-256 FFFFFF00 183
[11.12.2001 00:31:53] OffsetPan=-114 OffsetMin=-40 Result=142 Diff=-256 FFFFFF00 102
[11.12.2001 00:31:53] OffsetPan=-129 OffsetMin=-16 Result=127 Diff=-256 FFFFFF00 111
[11.12.2001 00:31:53] OffsetPan=-114 OffsetMin=-224 Result=398 Diff=-512 FFFFFE00 174
[11.12.2001 00:31:53] OffsetPan=-90 OffsetMin=-8 Result=166 Diff=-256 FFFFFF00 158
[11.12.2001 00:31:53] OffsetPan=-114 OffsetMin=0 Result=142 Diff=-256 FFFFFF00 142
[11.12.2001 00:31:53] OffsetPan=-129 OffsetMin=0 Result=127 Diff=-256 FFFFFF00 127
[11.12.2001 00:31:53] OffsetPan=-113 OffsetMin=-8 Result=143 Diff=-256 FFFFFF00 135
[11.12.2001 00:31:53] OffsetPan=-126 OffsetMin=-128 Result=130 Diff=-256 FFFFFF00 2
[11.12.2001 00:31:53] OffsetPan=-224 OffsetMin=-16 Result=32 Diff=-256 FFFFFF00 16
[11.12.2001 00:31:53] OffsetPan=-126 OffsetMin=-8 Result=130 Diff=-256 FFFFFF00 122
[11.12.2001 00:31:53] OffsetPan=-224 OffsetMin=-16 Result=32 Diff=-256 FFFFFF00 16
[11.12.2001 00:31:53] OffsetPan=-129 OffsetMin=-16 Result=127 Diff=-256 FFFFFF00 111
[11.12.2001 00:31:53] OffsetPan=-114 OffsetMin=-128 Result=142 Diff=-256 FFFFFF00 14
[11.12.2001 00:31:53] OffsetPan=-129 OffsetMin=-16 Result=127 Diff=-256 FFFFFF00 111
[11.12.2001 00:31:53] OffsetPan=-114 OffsetMin=-260 Result=398 Diff=-512 FFFFFE00 138
[11.12.2001 00:31:53] OffsetPan=-90 OffsetMin=-24 Result=166 Diff=-256 FFFFFF00 142
[11.12.2001 00:31:53] OffsetPan=-114 OffsetMin=0 Result=142 Diff=-256 FFFFFF00 142
[11.12.2001 00:31:53] OffsetPan=-125 OffsetMin=-80 Result=131 Diff=-256 FFFFFF00 51
[11.12.2001 00:31:53] OffsetPan=-224 OffsetMin=-16 Result=32 Diff=-256 FFFFFF00 16
[11.12.2001 00:31:53] OffsetPan=-129 OffsetMin=104 Result=127 Diff=-256 FFFFFF00 231
[11.12.2001 00:31:53] OffsetPan=-114 OffsetMin=-11 Result=142 Diff=-256 FFFFFF00 131
[11.12.2001 00:31:53] OffsetPan=-90 OffsetMin=-32 Result=166 Diff=-256 FFFFFF00 134
[11.12.2001 00:31:53] OffsetPan=-114 OffsetMin=40 Result=142 Diff=-256 FFFFFF00 182
[11.12.2001 00:31:53] OffsetPan=-129 OffsetMin=0 Result=127 Diff=-256 FFFFFF00 127
[11.12.2001 00:31:53] OffsetPan=-114 OffsetMin=-260 Result=398 Diff=-512 FFFFFE00 138
[11.12.2001 00:31:53] OffsetPan=-129 OffsetMin=-16 Result=127 Diff=-256 FFFFFF00 111
[11.12.2001 00:31:53] OffsetPan=-114 OffsetMin=-8 Result=142 Diff=-256 FFFFFF00 134
[11.12.2001 00:31:53] OffsetPan=-90 OffsetMin=-120 Result=166 Diff=-256 FFFFFF00 46
[11.12.2001 00:31:53] OffsetPan=-114 OffsetMin=40 Result=142 Diff=-256 FFFFFF00 182
[11.12.2001 00:31:53] OffsetPan=-125 OffsetMin=-8 Result=131 Diff=-256 FFFFFF00 123
[11.12.2001 00:31:53] OffsetPan=-224 OffsetMin=-16 Result=32 Diff=-256 FFFFFF00 16
[11.12.2001 00:31:53] OffsetPan=-129 OffsetMin=-120 Result=127 Diff=-256 FFFFFF00 7
[11.12.2001 00:31:53] OffsetPan=-114 OffsetMin=0 Result=142 Diff=-256 FFFFFF00 142
[11.12.2001 00:31:53] OffsetPan=-129 OffsetMin=-8 Result=127 Diff=-256 FFFFFF00 119
[11.12.2001 00:31:53] OffsetPan=-114 OffsetMin=-24 Result=142 Diff=-256 FFFFFF00 118
[11.12.2001 00:31:53] OffsetPan=-129 OffsetMin=-8 Result=127 Diff=-256 FFFFFF00 119
[11.12.2001 00:31:53] OffsetPan=-114 OffsetMin=-120 Result=142 Diff=-256 FFFFFF00 22
[11.12.2001 00:31:53] OffsetPan=-129 OffsetMin=-120 Result=127 Diff=-256 FFFFFF00 7
[11.12.2001 00:31:53] OffsetPan=-114 OffsetMin=0 Result=142 Diff=-256 FFFFFF00 142
[11.12.2001 00:31:53] OffsetPan=-129 OffsetMin=104 Result=127 Diff=-256 FFFFFF00 231
[11.12.2001 00:31:53] OffsetPan=-114 OffsetMin=-25 Result=142 Diff=-256 FFFFFF00 117
[11.12.2001 00:31:53] OffsetPan=-129 OffsetMin=104 Result=127 Diff=-256 FFFFFF00 231
[11.12.2001 00:31:53] OffsetPan=-114 OffsetMin=-32 Result=142 Diff=-256 FFFFFF00 110
[11.12.2001 00:31:53] OffsetPan=-90 OffsetMin=-80 Result=166 Diff=-256 FFFFFF00 86
[11.12.2001 00:31:53] OffsetPan=-114 OffsetMin=26 Result=142 Diff=-256 FFFFFF00 168
[11.12.2001 00:31:53] OffsetPan=-129 OffsetMin=-16 Result=127 Diff=-256 FFFFFF00 111
[11.12.2001 00:31:53] OffsetPan=-114 OffsetMin=-224 Result=398 Diff=-512 FFFFFE00 174
[11.12.2001 00:31:53] OffsetPan=-129 OffsetMin=104 Result=127 Diff=-256 FFFFFF00 231
[11.12.2001 00:31:53] OffsetPan=-114 OffsetMin=-8 Result=142 Diff=-256 FFFFFF00 134
[11.12.2001 00:31:53] OffsetPan=-129 OffsetMin=104 Result=127 Diff=-256 FFFFFF00 231
[11.12.2001 00:31:53] OffsetPan=-114 OffsetMin=-40 Result=142 Diff=-256 FFFFFF00 102
[11.12.2001 00:31:53] OffsetPan=-129 OffsetMin=104 Result=127 Diff=-256 FFFFFF00 231
[11.12.2001 00:31:53] OffsetPan=-114 OffsetMin=-22 Result=142 Diff=-256 FFFFFF00 120
[11.12.2001 00:31:53] OffsetPan=-129 OffsetMin=0 Result=127 Diff=-256 FFFFFF00 127
[11.12.2001 00:31:53] OffsetPan=-113 OffsetMin=-8 Result=143 Diff=-256 FFFFFF00 135
[11.12.2001 00:31:53] OffsetPan=-90 OffsetMin=-8 Result=166 Diff=-256 FFFFFF00 158
[11.12.2001 00:31:53] OffsetPan=-114 OffsetMin=0 Result=142 Diff=-256 FFFFFF00 142
[11.12.2001 00:31:53] OffsetPan=-90 OffsetMin=-8 Result=166 Diff=-256 FFFFFF00 158
[11.12.2001 00:31:53] OffsetPan=-114 OffsetMin=0 Result=142 Diff=-256 FFFFFF00 142
[11.12.2001 00:31:53] OffsetPan=-90 OffsetMin=-65 Result=166 Diff=-256 FFFFFF00 101
[11.12.2001 00:31:53] OffsetPan=-114 OffsetMin=8 Result=142 Diff=-256 FFFFFF00 150
[11.12.2001 00:31:53] OffsetPan=-129 OffsetMin=-120 Result=127 Diff=-256 FFFFFF00 7
[11.12.2001 00:31:53] OffsetPan=-114 OffsetMin=0 Result=142 Diff=-256 FFFFFF00 142
[11.12.2001 00:31:53] OffsetPan=-129 OffsetMin=-120 Result=127 Diff=-256 FFFFFF00 7
[11.12.2001 00:31:53] OffsetPan=-114 OffsetMin=0 Result=142 Diff=-256 FFFFFF00 142
[11.12.2001 00:31:53] OffsetPan=-129 OffsetMin=104 Result=127 Diff=-256 FFFFFF00 231
[11.12.2001 00:31:53] OffsetPan=-114 OffsetMin=-40 Result=142 Diff=-256 FFFFFF00 102
[11.12.2001 00:31:53] OffsetPan=-90 OffsetMin=-124 Result=166 Diff=-256 FFFFFF00 42
[11.12.2001 00:31:53] OffsetPan=-114 OffsetMin=8 Result=142 Diff=-256 FFFFFF00 150
[11.12.2001 00:31:53] OffsetPan=-90 OffsetMin=-120 Result=166 Diff=-256 FFFFFF00 46
[11.12.2001 00:31:53] OffsetPan=-114 OffsetMin=8 Result=142 Diff=-256 FFFFFF00 150
[11.12.2001 00:31:53] OffsetPan=-90 OffsetMin=-128 Result=166 Diff=-256 FFFFFF00 38
[11.12.2001 00:31:53] OffsetPan=-114 OffsetMin=0 Result=142 Diff=-256 FFFFFF00 142
[11.12.2001 00:31:53] OffsetPan=-129 OffsetMin=0 Result=127 Diff=-256 FFFFFF00 127
[11.12.2001 00:31:53] OffsetPan=-113 OffsetMin=-128 Result=143 Diff=-256 FFFFFF00 15
[11.12.2001 00:31:53] OffsetPan=-90 OffsetMin=-128 Result=166 Diff=-256 FFFFFF00 38
[11.12.2001 00:31:53] OffsetPan=-114 OffsetMin=0 Result=142 Diff=-256 FFFFFF00 142
[11.12.2001 00:31:53] OffsetPan=-129 OffsetMin=0 Result=127 Diff=-256 FFFFFF00 127
[11.12.2001 00:31:53] OffsetPan=-114 OffsetMin=-224 Result=398 Diff=-512 FFFFFE00 174
[11.12.2001 00:31:53] OffsetPan=-126 OffsetMin=-128 Result=130 Diff=-256 FFFFFF00 2
[11.12.2001 00:31:53] OffsetPan=-224 OffsetMin=-16 Result=32 Diff=-256 FFFFFF00 16
[11.12.2001 00:31:53] OffsetPan=-70 OffsetMin=-32 Result=186 Diff=-256 FFFFFF00 154
[11.12.2001 00:31:53] OffsetPan=-114 OffsetMin=40 Result=142 Diff=-256 FFFFFF00 182
[11.12.2001 00:31:53] OffsetPan=-70 OffsetMin=-64 Result=186 Diff=-256 FFFFFF00 122
[11.12.2001 00:31:53] OffsetPan=-114 OffsetMin=8 Result=142 Diff=-256 FFFFFF00 150
[11.12.2001 00:31:53] OffsetPan=-70 OffsetMin=-18 Result=186 Diff=-256 FFFFFF00 168
[11.12.2001 00:31:53] OffsetPan=-114 OffsetMin=0 Result=142 Diff=-256 FFFFFF00 142
[11.12.2001 00:31:53] OffsetPan=-70 OffsetMin=-8 Result=186 Diff=-256 FFFFFF00 178
[11.12.2001 00:31:53] OffsetPan=-114 OffsetMin=0 Result=142 Diff=-256 FFFFFF00 142
[11.12.2001 00:31:53] OffsetPan=-70 OffsetMin=-8 Result=186 Diff=-256 FFFFFF00 178
[11.12.2001 00:31:53] OffsetPan=-114 OffsetMin=0 Result=142 Diff=-256 FFFFFF00 142
[11.12.2001 00:31:53] OffsetPan=-70 OffsetMin=-128 Result=186 Diff=-256 FFFFFF00 58
[11.12.2001 00:31:53] OffsetPan=-114 OffsetMin=0 Result=142 Diff=-256 FFFFFF00 142
[11.12.2001 00:31:53] OffsetPan=-70 OffsetMin=-110 Result=186 Diff=-256 FFFFFF00 76
[11.12.2001 00:31:53] OffsetPan=-114 OffsetMin=40 Result=142 Diff=-256 FFFFFF00 182
[11.12.2001 00:31:53] OffsetPan=-70 OffsetMin=-64 Result=186 Diff=-256 FFFFFF00 122
[11.12.2001 00:31:53] OffsetPan=-114 OffsetMin=26 Result=142 Diff=-256 FFFFFF00 168
[11.12.2001 00:31:53] OffsetPan=-70 OffsetMin=-128 Result=186 Diff=-256 FFFFFF00 58
[11.12.2001 00:31:53] OffsetPan=-114 OffsetMin=0 Result=142 Diff=-256 FFFFFF00 142
[11.12.2001 00:31:53] OffsetPan=-70 OffsetMin=-128 Result=186 Diff=-256 FFFFFF00 58
[11.12.2001 00:31:53] OffsetPan=-114 OffsetMin=0 Result=142 Diff=-256 FFFFFF00 142
[11.12.2001 00:31:53] OffsetPan=-70 OffsetMin=-120 Result=186 Diff=-256 FFFFFF00 66
[11.12.2001 00:31:53] OffsetPan=-114 OffsetMin=8 Result=142 Diff=-256 FFFFFF00 150
[11.12.2001 00:31:53] OffsetPan=-70 OffsetMin=-128 Result=186 Diff=-256 FFFFFF00 58
[11.12.2001 00:31:53] OffsetPan=-114 OffsetMin=0 Result=142 Diff=-256 FFFFFF00 142
[11.12.2001 00:31:53] OffsetPan=-70 OffsetMin=-128 Result=186 Diff=-256 FFFFFF00 58
[11.12.2001 00:31:53] OffsetPan=-114 OffsetMin=0 Result=142 Diff=-256 FFFFFF00 142
[11.12.2001 00:31:53] OffsetPan=-70 OffsetMin=-128 Result=186 Diff=-256 FFFFFF00 58
[11.12.2001 00:31:53] OffsetPan=-114 OffsetMin=0 Result=142 Diff=-256 FFFFFF00 142
[11.12.2001 00:31:53] OffsetPan=-70 OffsetMin=-120 Result=186 Diff=-256 FFFFFF00 66
[11.12.2001 00:31:53] OffsetPan=-114 OffsetMin=8 Result=142 Diff=-256 FFFFFF00 150
[11.12.2001 00:31:53] OffsetPan=-70 OffsetMin=-110 Result=186 Diff=-256 FFFFFF00 76
[11.12.2001 00:31:53] OffsetPan=-114 OffsetMin=40 Result=142 Diff=-256 FFFFFF00 182
[11.12.2001 00:31:53] OffsetPan=-70 OffsetMin=-64 Result=186 Diff=-256 FFFFFF00 122
[11.12.2001 00:31:53] OffsetPan=-114 OffsetMin=8 Result=142 Diff=-256 FFFFFF00 150
[11.12.2001 00:31:53] OffsetPan=-70 OffsetMin=-64 Result=186 Diff=-256 FFFFFF00 122
[11.12.2001 00:31:53] OffsetPan=-114 OffsetMin=8 Result=142 Diff=-256 FFFFFF00 150
[11.12.2001 00:31:53] OffsetPan=-70 OffsetMin=-24 Result=186 Diff=-256 FFFFFF00 162
[11.12.2001 00:31:53] OffsetPan=-114 OffsetMin=0 Result=142 Diff=-256 FFFFFF00 142
[11.12.2001 00:31:53] OffsetPan=-70 OffsetMin=-32 Result=186 Diff=-256 FFFFFF00 154
[11.12.2001 00:31:53] OffsetPan=-114 OffsetMin=28 Result=142 Diff=-256 FFFFFF00 170
[11.12.2001 00:31:53] OffsetPan=-70 OffsetMin=-8 Result=186 Diff=-256 FFFFFF00 178
[11.12.2001 00:31:53] OffsetPan=-114 OffsetMin=0 Result=142 Diff=-256 FFFFFF00 142
[11.12.2001 00:31:53] OffsetPan=-70 OffsetMin=-8 Result=186 Diff=-256 FFFFFF00 178
[11.12.2001 00:31:53] OffsetPan=-114 OffsetMin=0 Result=142 Diff=-256 FFFFFF00 142
[11.12.2001 00:31:53] OffsetPan=-698 OffsetMin=2514 Result=-2490 Diff=1792 700 24
[11.12.2001 00:33:31] OffsetPan=-258 OffsetMin=-32 Result=254 Diff=-512 FFFFFE00 222
[11.12.2001 00:33:31] OffsetPan=-228 OffsetMin=-128 Result=284 Diff=-512 FFFFFE00 156
[11.12.2001 00:33:31] OffsetPan=-140 OffsetMin=-160 Result=372 Diff=-512 FFFFFE00 212
[11.12.2001 00:33:31] OffsetPan=-228 OffsetMin=52 Result=28 Diff=-256 FFFFFF00 80
[11.12.2001 00:33:31] OffsetPan=-258 OffsetMin=-32 Result=254 Diff=-512 FFFFFE00 222
[11.12.2001 00:33:31] OffsetPan=-228 OffsetMin=-256 Result=284 Diff=-512 FFFFFE00 28
[11.12.2001 00:33:31] OffsetPan=-140 OffsetMin=-128 Result=372 Diff=-512 FFFFFE00 244
[11.12.2001 00:33:31] OffsetPan=-228 OffsetMin=16 Result=28 Diff=-256 FFFFFF00 44
[11.12.2001 00:33:31] OffsetPan=-252 OffsetMin=-16 Result=260 Diff=-512 FFFFFE00 244
[11.12.2001 00:33:31] OffsetPan=-448 OffsetMin=-32 Result=64 Diff=-512 FFFFFE00 32
[11.12.2001 00:33:31] OffsetPan=-180 OffsetMin=-248 Result=332 Diff=-512 FFFFFE00 84
[11.12.2001 00:33:31] OffsetPan=-228 OffsetMin=16 Result=28 Diff=-256 FFFFFF00 44
[11.12.2001 00:33:31] OffsetPan=-258 OffsetMin=-48 Result=254 Diff=-512 FFFFFE00 206
[11.12.2001 00:33:31] OffsetPan=-228 OffsetMin=0 Result=28 Diff=-256 FFFFFF00 28
[11.12.2001 00:33:31] OffsetPan=-258 OffsetMin=-48 Result=254 Diff=-512 FFFFFE00 206
[11.12.2001 00:33:31] OffsetPan=-228 OffsetMin=0 Result=28 Diff=-256 FFFFFF00 28
[11.12.2001 00:33:31] OffsetPan=-258 OffsetMin=-48 Result=254 Diff=-512 FFFFFE00 206
[11.12.2001 00:33:31] OffsetPan=-228 OffsetMin=0 Result=28 Diff=-256 FFFFFF00 28
[11.12.2001 00:33:31] OffsetPan=-258 OffsetMin=16 Result=-2 Diff=-256 FFFFFF00 14
[11.12.2001 00:33:31] OffsetPan=-228 OffsetMin=-80 Result=284 Diff=-512 FFFFFE00 204
[11.12.2001 00:33:31] OffsetPan=-258 OffsetMin=0 Result=254 Diff=-512 FFFFFE00 254
[11.12.2001 00:33:31] OffsetPan=-228 OffsetMin=-520 Result=540 Diff=-768 FFFFFD00 20
[11.12.2001 00:33:31] OffsetPan=-258 OffsetMin=0 Result=254 Diff=-512 FFFFFE00 254
[11.12.2001 00:33:31] OffsetPan=-226 OffsetMin=-256 Result=286 Diff=-512 FFFFFE00 30
[11.12.2001 00:33:31] OffsetPan=-252 OffsetMin=-16 Result=260 Diff=-512 FFFFFE00 244
[11.12.2001 00:33:31] OffsetPan=-448 OffsetMin=-32 Result=64 Diff=-512 FFFFFE00 32
[11.12.2001 00:33:31] OffsetPan=-258 OffsetMin=0 Result=254 Diff=-512 FFFFFE00 254
[11.12.2001 00:33:31] OffsetPan=-228 OffsetMin=-448 Result=540 Diff=-768 FFFFFD00 92
[11.12.2001 00:33:31] OffsetPan=-180 OffsetMin=-256 Result=332 Diff=-512 FFFFFE00 76
[11.12.2001 00:33:31] OffsetPan=-228 OffsetMin=0 Result=28 Diff=-256 FFFFFF00 28
[11.12.2001 00:33:31] OffsetPan=-180 OffsetMin=-232 Result=332 Diff=-512 FFFFFE00 100
[11.12.2001 00:33:31] OffsetPan=-228 OffsetMin=56 Result=28 Diff=-256 FFFFFF00 84
[11.12.2001 00:33:31] OffsetPan=-180 OffsetMin=-256 Result=332 Diff=-512 FFFFFE00 76
[11.12.2001 00:33:31] OffsetPan=-228 OffsetMin=0 Result=28 Diff=-256 FFFFFF00 28
[11.12.2001 00:33:31] OffsetPan=-180 OffsetMin=-256 Result=332 Diff=-512 FFFFFE00 76
[11.12.2001 00:33:31] OffsetPan=-228 OffsetMin=0 Result=28 Diff=-256 FFFFFF00 28
[11.12.2001 00:33:31] OffsetPan=-140 OffsetMin=-48 Result=116 Diff=-256 FFFFFF00 68
[11.12.2001 00:33:31] OffsetPan=-228 OffsetMin=0 Result=28 Diff=-256 FFFFFF00 28
[11.12.2001 00:33:31] OffsetPan=-140 OffsetMin=-64 Result=116 Diff=-256 FFFFFF00 52
[11.12.2001 00:33:31] OffsetPan=-228 OffsetMin=56 Result=28 Diff=-256 FFFFFF00 84
[11.12.2001 00:33:31] OffsetPan=-140 OffsetMin=-16 Result=116 Diff=-256 FFFFFF00 100
[11.12.2001 00:33:31] OffsetPan=-228 OffsetMin=0 Result=28 Diff=-256 FFFFFF00 28
[11.12.2001 00:33:31] OffsetPan=-140 OffsetMin=-16 Result=116 Diff=-256 FFFFFF00 100
[11.12.2001 00:33:31] OffsetPan=-228 OffsetMin=0 Result=28 Diff=-256 FFFFFF00 28
[11.12.2001 00:33:31] OffsetPan=-258 OffsetMin=-32 Result=254 Diff=-512 FFFFFE00 222
[11.12.2001 00:33:31] OffsetPan=-228 OffsetMin=-16 Result=28 Diff=-256 FFFFFF00 12
[11.12.2001 00:33:31] OffsetPan=-258 OffsetMin=16 Result=-2 Diff=-256 FFFFFF00 14
[11.12.2001 00:33:31] OffsetPan=-228 OffsetMin=-16 Result=28 Diff=-256 FFFFFF00 12
[11.12.2001 00:33:31] OffsetPan=-140 OffsetMin=-256 Result=372 Diff=-512 FFFFFE00 116
[11.12.2001 00:33:31] OffsetPan=-228 OffsetMin=0 Result=28 Diff=-256 FFFFFF00 28
[11.12.2001 00:33:31] OffsetPan=-180 OffsetMin=-48 Result=76 Diff=-256 FFFFFF00 28
[11.12.2001 00:33:31] OffsetPan=-228 OffsetMin=0 Result=28 Diff=-256 FFFFFF00 28
[11.12.2001 00:33:31] OffsetPan=-258 OffsetMin=16 Result=-2 Diff=-256 FFFFFF00 14
[11.12.2001 00:33:31] OffsetPan=-228 OffsetMin=-22 Result=28 Diff=-256 FFFFFF00 6
[11.12.2001 00:33:31] OffsetPan=-258 OffsetMin=16 Result=-2 Diff=-256 FFFFFF00 14
[11.12.2001 00:33:31] OffsetPan=-228 OffsetMin=-50 Result=284 Diff=-512 FFFFFE00 234
[11.12.2001 00:33:31] OffsetPan=-258 OffsetMin=16 Result=-2 Diff=-256 FFFFFF00 14
[11.12.2001 00:33:31] OffsetPan=-228 OffsetMin=-80 Result=284 Diff=-512 FFFFFE00 204
[11.12.2001 00:33:31] OffsetPan=-258 OffsetMin=-32 Result=254 Diff=-512 FFFFFE00 222
[11.12.2001 00:33:31] OffsetPan=-228 OffsetMin=-520 Result=540 Diff=-768 FFFFFD00 20
[11.12.2001 00:33:31] OffsetPan=-252 OffsetMin=-160 Result=260 Diff=-512 FFFFFE00 100
[11.12.2001 00:33:31] OffsetPan=-448 OffsetMin=-32 Result=64 Diff=-512 FFFFFE00 32
[11.12.2001 00:33:31] OffsetPan=-180 OffsetMin=-132 Result=332 Diff=-512 FFFFFE00 200
[11.12.2001 00:33:31] OffsetPan=-228 OffsetMin=16 Result=28 Diff=-256 FFFFFF00 44
[11.12.2001 00:33:31] OffsetPan=-180 OffsetMin=-64 Result=76 Diff=-256 FFFFFF00 12
[11.12.2001 00:33:31] OffsetPan=-228 OffsetMin=80 Result=28 Diff=-256 FFFFFF00 108
[11.12.2001 00:33:31] OffsetPan=-140 OffsetMin=-240 Result=372 Diff=-512 FFFFFE00 132
[11.12.2001 00:33:31] OffsetPan=-228 OffsetMin=16 Result=28 Diff=-256 FFFFFF00 44
[11.12.2001 00:33:31] OffsetPan=-140 OffsetMin=-220 Result=372 Diff=-512 FFFFFE00 152
[11.12.2001 00:33:31] OffsetPan=-228 OffsetMin=80 Result=28 Diff=-256 FFFFFF00 108
[11.12.2001 00:33:31] OffsetPan=-258 OffsetMin=0 Result=254 Diff=-512 FFFFFE00 254
[11.12.2001 00:33:31] OffsetPan=-226 OffsetMin=-16 Result=30 Diff=-256 FFFFFF00 14
[11.12.2001 00:33:31] OffsetPan=-258 OffsetMin=-32 Result=254 Diff=-512 FFFFFE00 222
[11.12.2001 00:33:31] OffsetPan=-228 OffsetMin=-448 Result=540 Diff=-768 FFFFFD00 92
[11.12.2001 00:33:31] OffsetPan=-252 OffsetMin=-256 Result=260 Diff=-512 FFFFFE00 4
[11.12.2001 00:33:31] OffsetPan=-448 OffsetMin=-32 Result=64 Diff=-512 FFFFFE00 32
[11.12.2001 00:33:31] OffsetPan=-180 OffsetMin=-16 Result=76 Diff=-256 FFFFFF00 60
[11.12.2001 00:33:31] OffsetPan=-228 OffsetMin=0 Result=28 Diff=-256 FFFFFF00 28
[11.12.2001 00:33:31] OffsetPan=-180 OffsetMin=-16 Result=76 Diff=-256 FFFFFF00 60
[11.12.2001 00:33:31] OffsetPan=-228 OffsetMin=0 Result=28 Diff=-256 FFFFFF00 28
[11.12.2001 00:33:31] OffsetPan=-140 OffsetMin=-256 Result=372 Diff=-512 FFFFFE00 116
[11.12.2001 00:33:31] OffsetPan=-228 OffsetMin=0 Result=28 Diff=-256 FFFFFF00 28
[11.12.2001 00:33:31] OffsetPan=-140 OffsetMin=-256 Result=372 Diff=-512 FFFFFE00 116
[11.12.2001 00:33:31] OffsetPan=-228 OffsetMin=0 Result=28 Diff=-256 FFFFFF00 28
[11.12.2001 00:33:31] OffsetPan=-258 OffsetMin=-128 Result=254 Diff=-512 FFFFFE00 126
[11.12.2001 00:33:31] OffsetPan=-140 OffsetMin=-160 Result=372 Diff=-512 FFFFFE00 212
[11.12.2001 00:33:31] OffsetPan=-228 OffsetMin=52 Result=28 Diff=-256 FFFFFF00 80
[11.12.2001 00:33:31] OffsetPan=-180 OffsetMin=-160 Result=332 Diff=-512 FFFFFE00 172
[11.12.2001 00:33:31] OffsetPan=-228 OffsetMin=52 Result=28 Diff=-256 FFFFFF00 80
[11.12.2001 00:33:31] OffsetPan=-258 OffsetMin=16 Result=-2 Diff=-256 FFFFFF00 14
[11.12.2001 00:33:31] OffsetPan=-228 OffsetMin=-64 Result=284 Diff=-512 FFFFFE00 220
[11.12.2001 00:33:31] OffsetPan=-258 OffsetMin=-32 Result=254 Diff=-512 FFFFFE00 222
[11.12.2001 00:33:31] OffsetPan=-228 OffsetMin=-128 Result=284 Diff=-512 FFFFFE00 156
[11.12.2001 00:33:31] OffsetPan=-698 OffsetMin=2514 Result=-2490 Diff=1792 700 24
[11.12.2001 00:33:31] OffsetPan=-258 OffsetMin=16 Result=-2 Diff=-256 FFFFFF00 14
[11.12.2001 00:33:31] OffsetPan=-228 OffsetMin=-44 Result=284 Diff=-512 FFFFFE00 240
[11.12.2001 00:33:31] OffsetPan=-258 OffsetMin=-48 Result=254 Diff=-512 FFFFFE00 206
[11.12.2001 00:33:31] OffsetPan=-228 OffsetMin=0 Result=28 Diff=-256 FFFFFF00 28
[11.12.2001 00:33:31] OffsetPan=-180 OffsetMin=-136 Result=332 Diff=-512 FFFFFE00 196
[11.12.2001 00:33:31] OffsetPan=-228 OffsetMin=52 Result=28 Diff=-256 FFFFFF00 80
[11.12.2001 00:33:31] OffsetPan=-140 OffsetMin=-128 Result=372 Diff=-512 FFFFFE00 244
[11.12.2001 00:33:31] OffsetPan=-228 OffsetMin=52 Result=28 Diff=-256 FFFFFF00 80
[11.12.2001 00:33:31] OffsetPan=-698 OffsetMin=2514 Result=-2490 Diff=1792 700 24
[11.12.2001 00:33:31] OffsetPan=-258 OffsetMin=-32 Result=254 Diff=-512 FFFFFE00 222
[11.12.2001 00:33:31] OffsetPan=-228 OffsetMin=-112 Result=284 Diff=-512 FFFFFE00 172
[11.12.2001 00:33:31] OffsetPan=-258 OffsetMin=-16 Result=254 Diff=-512 FFFFFE00 238
[11.12.2001 00:33:31] OffsetPan=-228 OffsetMin=-48 Result=284 Diff=-512 FFFFFE00 236
[11.12.2001 00:33:31] OffsetPan=-698 OffsetMin=2514 Result=-2490 Diff=1792 700 24
[11.12.2001 00:33:31] OffsetPan=-258 OffsetMin=-32 Result=254 Diff=-512 FFFFFE00 222
[11.12.2001 00:33:31] OffsetPan=-228 OffsetMin=-208 Result=284 Diff=-512 FFFFFE00 76
[11.12.2001 00:33:31] OffsetPan=-258 OffsetMin=-16 Result=254 Diff=-512 FFFFFE00 238
[11.12.2001 00:33:31] OffsetPan=-228 OffsetMin=-240 Result=284 Diff=-512 FFFFFE00 44
[11.12.2001 00:33:31] OffsetPan=-140 OffsetMin=-160 Result=372 Diff=-512 FFFFFE00 212
[11.12.2001 00:33:31] OffsetPan=-228 OffsetMin=52 Result=28 Diff=-256 FFFFFF00 80
[11.12.2001 00:33:31] OffsetPan=-252 OffsetMin=-16 Result=260 Diff=-512 FFFFFE00 244
[11.12.2001 00:33:31] OffsetPan=-448 OffsetMin=-32 Result=64 Diff=-512 FFFFFE00 32
[11.12.2001 00:33:31] OffsetPan=-258 OffsetMin=-32 Result=254 Diff=-512 FFFFFE00 222
[11.12.2001 00:33:31] OffsetPan=-228 OffsetMin=-112 Result=284 Diff=-512 FFFFFE00 172
[11.12.2001 00:33:31] OffsetPan=-258 OffsetMin=0 Result=254 Diff=-512 FFFFFE00 254
[11.12.2001 00:33:31] OffsetPan=-228 OffsetMin=-520 Result=540 Diff=-768 FFFFFD00 20
[11.12.2001 00:33:31] OffsetPan=-180 OffsetMin=-240 Result=332 Diff=-512 FFFFFE00 92
[11.12.2001 00:33:31] OffsetPan=-228 OffsetMin=80 Result=28 Diff=-256 FFFFFF00 108
[11.12.2001 00:33:31] OffsetPan=-258 OffsetMin=-144 Result=254 Diff=-512 FFFFFE00 110
[11.12.2001 00:33:31] OffsetPan=-228 OffsetMin=0 Result=28 Diff=-256 FFFFFF00 28
[11.12.2001 00:33:31] OffsetPan=-252 OffsetMin=-16 Result=260 Diff=-512 FFFFFE00 244
[11.12.2001 00:33:31] OffsetPan=-448 OffsetMin=-32 Result=64 Diff=-512 FFFFFE00 32
[11.12.2001 00:33:31] OffsetPan=-258 OffsetMin=-32 Result=254 Diff=-512 FFFFFE00 222
[11.12.2001 00:33:31] OffsetPan=-228 OffsetMin=-520 Result=540 Diff=-768 FFFFFD00 20
[11.12.2001 00:33:31] OffsetPan=-258 OffsetMin=-32 Result=254 Diff=-512 FFFFFE00 222
[11.12.2001 00:33:31] OffsetPan=-228 OffsetMin=-208 Result=284 Diff=-512 FFFFFE00 76
[11.12.2001 00:33:31] OffsetPan=-180 OffsetMin=-64 Result=76 Diff=-256 FFFFFF00 12
[11.12.2001 00:33:31] OffsetPan=-228 OffsetMin=80 Result=28 Diff=-256 FFFFFF00 108
[11.12.2001 00:33:31] OffsetPan=-252 OffsetMin=-160 Result=260 Diff=-512 FFFFFE00 100
[11.12.2001 00:33:31] OffsetPan=-448 OffsetMin=-32 Result=64 Diff=-512 FFFFFE00 32
[11.12.2001 00:33:31] OffsetPan=-258 OffsetMin=112 Result=-2 Diff=-256 FFFFFF00 110
[11.12.2001 00:33:31] OffsetPan=-228 OffsetMin=-22 Result=28 Diff=-256 FFFFFF00 6
[11.12.2001 00:33:31] OffsetPan=-258 OffsetMin=-16 Result=254 Diff=-512 FFFFFE00 238
[11.12.2001 00:33:31] OffsetPan=-228 OffsetMin=-144 Result=284 Diff=-512 FFFFFE00 140
[11.12.2001 00:33:31] OffsetPan=-258 OffsetMin=-16 Result=254 Diff=-512 FFFFFE00 238
[11.12.2001 00:33:31] OffsetPan=-228 OffsetMin=-144 Result=284 Diff=-512 FFFFFE00 140
[11.12.2001 00:33:31] OffsetPan=-258 OffsetMin=112 Result=-2 Diff=-256 FFFFFF00 110
[11.12.2001 00:33:31] OffsetPan=-228 OffsetMin=-44 Result=284 Diff=-512 FFFFFE00 240
[11.12.2001 00:33:31] OffsetPan=-258 OffsetMin=-144 Result=254 Diff=-512 FFFFFE00 110
[11.12.2001 00:33:31] OffsetPan=-228 OffsetMin=0 Result=28 Diff=-256 FFFFFF00 28
[11.12.2001 00:33:31] OffsetPan=-258 OffsetMin=112 Result=-2 Diff=-256 FFFFFF00 110
[11.12.2001 00:33:31] OffsetPan=-228 OffsetMin=-64 Result=284 Diff=-512 FFFFFE00 220
[11.12.2001 00:33:31] OffsetPan=-180 OffsetMin=-160 Result=332 Diff=-512 FFFFFE00 172
[11.12.2001 00:33:31] OffsetPan=-228 OffsetMin=52 Result=28 Diff=-256 FFFFFF00 80
[11.12.2001 00:33:31] OffsetPan=-258 OffsetMin=0 Result=254 Diff=-512 FFFFFE00 254
[11.12.2001 00:33:31] OffsetPan=-226 OffsetMin=-256 Result=286 Diff=-512 FFFFFE00 30
[11.12.2001 00:33:31] OffsetPan=-180 OffsetMin=-248 Result=332 Diff=-512 FFFFFE00 84
[11.12.2001 00:33:31] OffsetPan=-228 OffsetMin=16 Result=28 Diff=-256 FFFFFF00 44
[11.12.2001 00:33:31] OffsetPan=-258 OffsetMin=-144 Result=254 Diff=-512 FFFFFE00 110
[11.12.2001 00:33:31] OffsetPan=-228 OffsetMin=0 Result=28 Diff=-256 FFFFFF00 28
[11.12.2001 00:33:31] OffsetPan=-258 OffsetMin=-144 Result=254 Diff=-512 FFFFFE00 110
[11.12.2001 00:33:31] OffsetPan=-228 OffsetMin=0 Result=28 Diff=-256 FFFFFF00 28
[11.12.2001 00:33:31] OffsetPan=-258 OffsetMin=112 Result=-2 Diff=-256 FFFFFF00 110
[11.12.2001 00:33:31] OffsetPan=-228 OffsetMin=-80 Result=284 Diff=-512 FFFFFE00 204
[11.12.2001 00:33:31] OffsetPan=-258 OffsetMin=0 Result=254 Diff=-512 FFFFFE00 254
[11.12.2001 00:33:31] OffsetPan=-228 OffsetMin=-448 Result=540 Diff=-768 FFFFFD00 92
[11.12.2001 00:33:31] OffsetPan=-180 OffsetMin=-256 Result=332 Diff=-512 FFFFFE00 76
[11.12.2001 00:33:31] OffsetPan=-228 OffsetMin=0 Result=28 Diff=-256 FFFFFF00 28
[11.12.2001 00:33:31] OffsetPan=-180 OffsetMin=-256 Result=332 Diff=-512 FFFFFE00 76
[11.12.2001 00:33:31] OffsetPan=-228 OffsetMin=0 Result=28 Diff=-256 FFFFFF00 28
[11.12.2001 00:33:31] OffsetPan=-258 OffsetMin=112 Result=-2 Diff=-256 FFFFFF00 110
[11.12.2001 00:33:31] OffsetPan=-228 OffsetMin=-16 Result=28 Diff=-256 FFFFFF00 12
[11.12.2001 00:33:31] OffsetPan=-258 OffsetMin=112 Result=-2 Diff=-256 FFFFFF00 110
[11.12.2001 00:33:31] OffsetPan=-228 OffsetMin=-50 Result=284 Diff=-512 FFFFFE00 234
[11.12.2001 00:33:31] OffsetPan=-180 OffsetMin=-136 Result=332 Diff=-512 FFFFFE00 196
[11.12.2001 00:33:31] OffsetPan=-228 OffsetMin=52 Result=28 Diff=-256 FFFFFF00 80
[11.12.2001 00:33:31] OffsetPan=-180 OffsetMin=-132 Result=332 Diff=-512 FFFFFE00 200
[11.12.2001 00:33:31] OffsetPan=-228 OffsetMin=16 Result=28 Diff=-256 FFFFFF00 44
[11.12.2001 00:33:31] OffsetPan=-258 OffsetMin=112 Result=-2 Diff=-256 FFFFFF00 110
[11.12.2001 00:33:31] OffsetPan=-228 OffsetMin=-80 Result=284 Diff=-512 FFFFFE00 204
[11.12.2001 00:33:31] OffsetPan=-258 OffsetMin=-32 Result=254 Diff=-512 FFFFFE00 222
[11.12.2001 00:33:31] OffsetPan=-228 OffsetMin=-448 Result=540 Diff=-768 FFFFFD00 92
[11.12.2001 00:33:31] OffsetPan=-180 OffsetMin=-16 Result=76 Diff=-256 FFFFFF00 60
[11.12.2001 00:33:31] OffsetPan=-228 OffsetMin=0 Result=28 Diff=-256 FFFFFF00 28
[11.12.2001 00:33:31] OffsetPan=-258 OffsetMin=0 Result=254 Diff=-512 FFFFFE00 254
[11.12.2001 00:33:31] OffsetPan=-226 OffsetMin=-16 Result=30 Diff=-256 FFFFFF00 14
[11.12.2001 00:33:31] OffsetPan=-252 OffsetMin=-256 Result=260 Diff=-512 FFFFFE00 4
[11.12.2001 00:33:31] OffsetPan=-448 OffsetMin=-32 Result=64 Diff=-512 FFFFFE00 32
[11.12.2001 00:33:31] OffsetPan=-252 OffsetMin=-16 Result=260 Diff=-512 FFFFFE00 244
[11.12.2001 00:33:31] OffsetPan=-448 OffsetMin=-32 Result=64 Diff=-512 FFFFFE00 32
[11.12.2001 00:33:31] OffsetPan=-258 OffsetMin=-32 Result=254 Diff=-512 FFFFFE00 222
[11.12.2001 00:33:31] OffsetPan=-228 OffsetMin=-256 Result=284 Diff=-512 FFFFFE00 28
[11.12.2001 00:33:31] OffsetPan=-258 OffsetMin=-32 Result=254 Diff=-512 FFFFFE00 222
[11.12.2001 00:33:31] OffsetPan=-228 OffsetMin=-520 Result=540 Diff=-768 FFFFFD00 20
[11.12.2001 00:33:31] OffsetPan=-180 OffsetMin=-48 Result=76 Diff=-256 FFFFFF00 28
[11.12.2001 00:33:31] OffsetPan=-228 OffsetMin=0 Result=28 Diff=-256 FFFFFF00 28
[11.12.2001 00:33:31] OffsetPan=-250 OffsetMin=-160 Result=262 Diff=-512 FFFFFE00 102
[11.12.2001 00:33:31] OffsetPan=-448 OffsetMin=-32 Result=64 Diff=-512 FFFFFE00 32
[11.12.2001 00:33:31] OffsetPan=-258 OffsetMin=208 Result=-2 Diff=-256 FFFFFF00 206
[11.12.2001 00:33:31] OffsetPan=-228 OffsetMin=-22 Result=28 Diff=-256 FFFFFF00 6
[11.12.2001 00:33:31] OffsetPan=-180 OffsetMin=-64 Result=76 Diff=-256 FFFFFF00 12
[11.12.2001 00:33:31] OffsetPan=-228 OffsetMin=80 Result=28 Diff=-256 FFFFFF00 108
[11.12.2001 00:33:31] OffsetPan=-258 OffsetMin=0 Result=254 Diff=-512 FFFFFE00 254
[11.12.2001 00:33:31] OffsetPan=-228 OffsetMin=-520 Result=540 Diff=-768 FFFFFD00 20
[11.12.2001 00:33:31] OffsetPan=-258 OffsetMin=-32 Result=254 Diff=-512 FFFFFE00 222
[11.12.2001 00:33:31] OffsetPan=-228 OffsetMin=-16 Result=28 Diff=-256 FFFFFF00 12
[11.12.2001 00:33:31] OffsetPan=-180 OffsetMin=-240 Result=332 Diff=-512 FFFFFE00 92
[11.12.2001 00:33:31] OffsetPan=-228 OffsetMin=80 Result=28 Diff=-256 FFFFFF00 108
[11.12.2001 00:33:31] OffsetPan=-250 OffsetMin=-16 Result=262 Diff=-512 FFFFFE00 246
[11.12.2001 00:33:31] OffsetPan=-448 OffsetMin=-32 Result=64 Diff=-512 FFFFFE00 32
[11.12.2001 00:33:31] OffsetPan=-258 OffsetMin=-240 Result=254 Diff=-512 FFFFFE00 14
[11.12.2001 00:33:31] OffsetPan=-228 OffsetMin=0 Result=28 Diff=-256 FFFFFF00 28
[11.12.2001 00:33:31] OffsetPan=-258 OffsetMin=-16 Result=254 Diff=-512 FFFFFE00 238
[11.12.2001 00:33:31] OffsetPan=-228 OffsetMin=-48 Result=284 Diff=-512 FFFFFE00 236
[11.12.2001 00:33:31] OffsetPan=-258 OffsetMin=-16 Result=254 Diff=-512 FFFFFE00 238
[11.12.2001 00:33:31] OffsetPan=-228 OffsetMin=-240 Result=284 Diff=-512 FFFFFE00 44
[11.12.2001 00:33:31] OffsetPan=-258 OffsetMin=-240 Result=254 Diff=-512 FFFFFE00 14
[11.12.2001 00:33:31] OffsetPan=-228 OffsetMin=0 Result=28 Diff=-256 FFFFFF00 28
[11.12.2001 00:33:31] OffsetPan=-258 OffsetMin=208 Result=-2 Diff=-256 FFFFFF00 206
[11.12.2001 00:33:31] OffsetPan=-228 OffsetMin=-50 Result=284 Diff=-512 FFFFFE00 234
[11.12.2001 00:33:31] OffsetPan=-258 OffsetMin=208 Result=-2 Diff=-256 FFFFFF00 206
[11.12.2001 00:33:31] OffsetPan=-228 OffsetMin=-64 Result=284 Diff=-512 FFFFFE00 220
[11.12.2001 00:33:31] OffsetPan=-180 OffsetMin=-160 Result=332 Diff=-512 FFFFFE00 172
[11.12.2001 00:33:31] OffsetPan=-228 OffsetMin=52 Result=28 Diff=-256 FFFFFF00 80
[11.12.2001 00:33:31] OffsetPan=-258 OffsetMin=-32 Result=254 Diff=-512 FFFFFE00 222
[11.12.2001 00:33:31] OffsetPan=-228 OffsetMin=-448 Result=540 Diff=-768 FFFFFD00 92
[11.12.2001 00:33:31] OffsetPan=-258 OffsetMin=208 Result=-2 Diff=-256 FFFFFF00 206
[11.12.2001 00:33:31] OffsetPan=-228 OffsetMin=-16 Result=28 Diff=-256 FFFFFF00 12
[11.12.2001 00:33:31] OffsetPan=-258 OffsetMin=208 Result=-2 Diff=-256 FFFFFF00 206
[11.12.2001 00:33:31] OffsetPan=-228 OffsetMin=-80 Result=284 Diff=-512 FFFFFE00 204
[11.12.2001 00:33:31] OffsetPan=-258 OffsetMin=208 Result=-2 Diff=-256 FFFFFF00 206
[11.12.2001 00:33:31] OffsetPan=-228 OffsetMin=-44 Result=284 Diff=-512 FFFFFE00 240
[11.12.2001 00:33:31] OffsetPan=-258 OffsetMin=0 Result=254 Diff=-512 FFFFFE00 254
[11.12.2001 00:33:31] OffsetPan=-226 OffsetMin=-16 Result=30 Diff=-256 FFFFFF00 14
[11.12.2001 00:33:31] OffsetPan=-180 OffsetMin=-16 Result=76 Diff=-256 FFFFFF00 60
[11.12.2001 00:33:31] OffsetPan=-228 OffsetMin=0 Result=28 Diff=-256 FFFFFF00 28
[11.12.2001 00:33:31] OffsetPan=-180 OffsetMin=-16 Result=76 Diff=-256 FFFFFF00 60
[11.12.2001 00:33:31] OffsetPan=-228 OffsetMin=0 Result=28 Diff=-256 FFFFFF00 28
[11.12.2001 00:33:31] OffsetPan=-180 OffsetMin=-130 Result=332 Diff=-512 FFFFFE00 202
[11.12.2001 00:33:31] OffsetPan=-228 OffsetMin=16 Result=28 Diff=-256 FFFFFF00 44
[11.12.2001 00:33:31] OffsetPan=-258 OffsetMin=-240 Result=254 Diff=-512 FFFFFE00 14
[11.12.2001 00:33:31] OffsetPan=-228 OffsetMin=0 Result=28 Diff=-256 FFFFFF00 28
[11.12.2001 00:33:31] OffsetPan=-258 OffsetMin=-240 Result=254 Diff=-512 FFFFFE00 14
[11.12.2001 00:33:31] OffsetPan=-228 OffsetMin=0 Result=28 Diff=-256 FFFFFF00 28
[11.12.2001 00:33:31] OffsetPan=-258 OffsetMin=208 Result=-2 Diff=-256 FFFFFF00 206
[11.12.2001 00:33:31] OffsetPan=-228 OffsetMin=-80 Result=284 Diff=-512 FFFFFE00 204
[11.12.2001 00:33:31] OffsetPan=-180 OffsetMin=-248 Result=332 Diff=-512 FFFFFE00 84
[11.12.2001 00:33:31] OffsetPan=-228 OffsetMin=16 Result=28 Diff=-256 FFFFFF00 44
[11.12.2001 00:33:31] OffsetPan=-180 OffsetMin=-240 Result=332 Diff=-512 FFFFFE00 92
[11.12.2001 00:33:31] OffsetPan=-228 OffsetMin=16 Result=28 Diff=-256 FFFFFF00 44
[11.12.2001 00:33:31] OffsetPan=-180 OffsetMin=-256 Result=332 Diff=-512 FFFFFE00 76
[11.12.2001 00:33:31] OffsetPan=-228 OffsetMin=0 Result=28 Diff=-256 FFFFFF00 28
[11.12.2001 00:33:31] OffsetPan=-258 OffsetMin=0 Result=254 Diff=-512 FFFFFE00 254
[11.12.2001 00:33:31] OffsetPan=-226 OffsetMin=-256 Result=286 Diff=-512 FFFFFE00 30
[11.12.2001 00:33:31] OffsetPan=-180 OffsetMin=-256 Result=332 Diff=-512 FFFFFE00 76
[11.12.2001 00:33:31] OffsetPan=-228 OffsetMin=0 Result=28 Diff=-256 FFFFFF00 28
[11.12.2001 00:33:31] OffsetPan=-258 OffsetMin=0 Result=254 Diff=-512 FFFFFE00 254
[11.12.2001 00:33:31] OffsetPan=-228 OffsetMin=-448 Result=540 Diff=-768 FFFFFD00 92
[11.12.2001 00:33:31] OffsetPan=-252 OffsetMin=-256 Result=260 Diff=-512 FFFFFE00 4
[11.12.2001 00:33:31] OffsetPan=-448 OffsetMin=-32 Result=64 Diff=-512 FFFFFE00 32
[11.12.2001 00:33:31] OffsetPan=-140 OffsetMin=-64 Result=116 Diff=-256 FFFFFF00 52
[11.12.2001 00:33:31] OffsetPan=-228 OffsetMin=80 Result=28 Diff=-256 FFFFFF00 108
[11.12.2001 00:33:31] OffsetPan=-140 OffsetMin=-128 Result=372 Diff=-512 FFFFFE00 244
[11.12.2001 00:33:31] OffsetPan=-228 OffsetMin=16 Result=28 Diff=-256 FFFFFF00 44
[11.12.2001 00:33:31] OffsetPan=-140 OffsetMin=-36 Result=116 Diff=-256 FFFFFF00 80
[11.12.2001 00:33:31] OffsetPan=-228 OffsetMin=0 Result=28 Diff=-256 FFFFFF00 28
[11.12.2001 00:33:31] OffsetPan=-140 OffsetMin=-16 Result=116 Diff=-256 FFFFFF00 100
[11.12.2001 00:33:31] OffsetPan=-228 OffsetMin=0 Result=28 Diff=-256 FFFFFF00 28
[11.12.2001 00:33:31] OffsetPan=-140 OffsetMin=-16 Result=116 Diff=-256 FFFFFF00 100
[11.12.2001 00:33:31] OffsetPan=-228 OffsetMin=0 Result=28 Diff=-256 FFFFFF00 28
[11.12.2001 00:33:31] OffsetPan=-140 OffsetMin=-256 Result=372 Diff=-512 FFFFFE00 116
[11.12.2001 00:33:31] OffsetPan=-228 OffsetMin=0 Result=28 Diff=-256 FFFFFF00 28
[11.12.2001 00:33:31] OffsetPan=-140 OffsetMin=-220 Result=372 Diff=-512 FFFFFE00 152
[11.12.2001 00:33:31] OffsetPan=-228 OffsetMin=80 Result=28 Diff=-256 FFFFFF00 108
[11.12.2001 00:33:31] OffsetPan=-140 OffsetMin=-128 Result=372 Diff=-512 FFFFFE00 244
[11.12.2001 00:33:31] OffsetPan=-228 OffsetMin=52 Result=28 Diff=-256 FFFFFF00 80
[11.12.2001 00:33:31] OffsetPan=-140 OffsetMin=-256 Result=372 Diff=-512 FFFFFE00 116
[11.12.2001 00:33:31] OffsetPan=-228 OffsetMin=0 Result=28 Diff=-256 FFFFFF00 28
[11.12.2001 00:33:31] OffsetPan=-140 OffsetMin=-256 Result=372 Diff=-512 FFFFFE00 116
[11.12.2001 00:33:31] OffsetPan=-228 OffsetMin=0 Result=28 Diff=-256 FFFFFF00 28
[11.12.2001 00:33:31] OffsetPan=-140 OffsetMin=-240 Result=372 Diff=-512 FFFFFE00 132
[11.12.2001 00:33:31] OffsetPan=-228 OffsetMin=16 Result=28 Diff=-256 FFFFFF00 44
[11.12.2001 00:33:31] OffsetPan=-140 OffsetMin=-256 Result=372 Diff=-512 FFFFFE00 116
[11.12.2001 00:33:31] OffsetPan=-228 OffsetMin=0 Result=28 Diff=-256 FFFFFF00 28
[11.12.2001 00:33:31] OffsetPan=-140 OffsetMin=-256 Result=372 Diff=-512 FFFFFE00 116
[11.12.2001 00:33:31] OffsetPan=-228 OffsetMin=0 Result=28 Diff=-256 FFFFFF00 28
[11.12.2001 00:33:31] OffsetPan=-140 OffsetMin=-256 Result=372 Diff=-512 FFFFFE00 116
[11.12.2001 00:33:31] OffsetPan=-228 OffsetMin=0 Result=28 Diff=-256 FFFFFF00 28
[11.12.2001 00:33:31] OffsetPan=-140 OffsetMin=-240 Result=372 Diff=-512 FFFFFE00 132
[11.12.2001 00:33:31] OffsetPan=-228 OffsetMin=16 Result=28 Diff=-256 FFFFFF00 44
[11.12.2001 00:33:31] OffsetPan=-140 OffsetMin=-220 Result=372 Diff=-512 FFFFFE00 152
[11.12.2001 00:33:31] OffsetPan=-228 OffsetMin=80 Result=28 Diff=-256 FFFFFF00 108
[11.12.2001 00:33:31] OffsetPan=-140 OffsetMin=-128 Result=372 Diff=-512 FFFFFE00 244
[11.12.2001 00:33:31] OffsetPan=-228 OffsetMin=16 Result=28 Diff=-256 FFFFFF00 44
[11.12.2001 00:33:31] OffsetPan=-140 OffsetMin=-128 Result=372 Diff=-512 FFFFFE00 244
[11.12.2001 00:33:31] OffsetPan=-228 OffsetMin=16 Result=28 Diff=-256 FFFFFF00 44
[11.12.2001 00:33:31] OffsetPan=-140 OffsetMin=-48 Result=116 Diff=-256 FFFFFF00 68
[11.12.2001 00:33:31] OffsetPan=-228 OffsetMin=0 Result=28 Diff=-256 FFFFFF00 28
[11.12.2001 00:33:31] OffsetPan=-140 OffsetMin=-64 Result=116 Diff=-256 FFFFFF00 52
[11.12.2001 00:33:31] OffsetPan=-228 OffsetMin=56 Result=28 Diff=-256 FFFFFF00 84
[11.12.2001 00:33:31] OffsetPan=-140 OffsetMin=-16 Result=116 Diff=-256 FFFFFF00 100
[11.12.2001 00:33:31] OffsetPan=-228 OffsetMin=0 Result=28 Diff=-256 FFFFFF00 28
[11.12.2001 00:33:31] OffsetPan=-140 OffsetMin=-16 Result=116 Diff=-256 FFFFFF00 100
[11.12.2001 00:33:31] OffsetPan=-228 OffsetMin=0 Result=28 Diff=-256 FFFFFF00 28
[11.12.2001 00:33:31] OffsetPan=-698 OffsetMin=2514 Result=-2490 Diff=1792 700 24
